2019-11-24 22:25:47.217 INFO [restartedMain]net.xdclass.demo.ApplicationRun.logStarting:50 -Starting ApplicationRun on yelifeng-lenovo with PID 11024 (D:\ideaproject\springbootstart\target\classes started by yelifeng in D:\ideaproject\springbootstart)
2019-11-24 22:25:47.219 INFO [restartedMain]net.xdclass.demo.ApplicationRun.logStartupProfileInfo:659 -No active profile set, falling back to default profiles: default
2019-11-24 22:25:47.261 INFO [restartedMain]o.s.b.w.s.c.AnnotationConfigServletWebServerApplicationContext.prepareRefresh:590 -Refreshing org.springframework.boot.web.servlet.context.AnnotationConfigServletWebServerApplicationContext@18db52be: startup date [Sun Nov 24 22:25:47 CST 2019]; root of context hierarchy
2019-11-24 22:25:49.504 INFO [restartedMain]o.s.boot.web.embedded.tomcat.TomcatWebServer.initialize:91 -Tomcat initialized with port(s): 8080 (http)
2019-11-24 22:25:49.516 INFO [restartedMain]org.apache.coyote.http11.Http11NioProtocol.log:180 -Initializing ProtocolHandler ["http-nio-8080"]
2019-11-24 22:25:49.533 INFO [restartedMain]org.apache.catalina.core.StandardService.log:180 -Starting service [Tomcat]
2019-11-24 22:25:49.533 INFO [restartedMain]org.apache.catalina.core.StandardEngine.log:180 -Starting Servlet Engine: Apache Tomcat/8.5.29
2019-11-24 22:25:49.554 INFO [localhost-startStop-1]org.apache.catalina.core.AprLifecycleListener.log:180 -The APR based Apache Tomcat Native library which allows optimal performance in production environments was not found on the java.library.path: [D:\Program Files\Java\jdk1.8.0_05\bin;C:\Windows\Sun\Java\bin;C:\Windows\system32;C:\Windows;D:\MYSQL-5.6.23-WIN32\BIN;E:\APP\YELIFENG\PRODUCT\11.2.0\DBHOME_1\BIN;D:\APP\YELIFENG\PRODUCT\11.2.0\DBHOME_1\BIN;C:\PROGRAM FILES (X86)\NVIDIA CORPORATION\PHYSX\COMMON;C:\PROGRAM FILES (X86)\INTEL\ICLS CLIENT\;C:\PROGRAM FILES\INTEL\ICLS CLIENT\;C:\PROGRAM FILES\BROADCOM\BROADCOM 802.11 NETWORK ADAPTER\DRIVER;C:\Windows\SYSTEM32;C:\Windows;C:\Windows\SYSTEM32\WBEM;C:\Windows\SYSTEM32\WINDOWSPOWERSHELL\V1.0\;C:\PROGRAM FILES (X86)\INTEL\OPENCL SDK\3.0\BIN\X86;C:\PROGRAM FILES (X86)\INTEL\OPENCL SDK\3.0\BIN\X64;D:\Program Files\Java\jdk1.8.0_05\BIN;D:\Program Files\Java\jdk1.8.0_05\JRE\BIN;C:\PROGRAM FILES\TORTOISESVN\BIN;C:\STRAWBERRY\C\BIN;C:\STRAWBERRY\PERL\BIN;C:\PROGRAM FILES (X86)\LENOVO\LENOVO HOME\;D:\apache-maven-3.2.1\BIN;D:\PROGRAM FILES\NODEJS\;C:\PROGRAM FILES (X86)\RATIONAL\COMMON;C:\PYTHON27\SCRIPTS;C:\PYTHON27;C:\PROGRAM FILES\GIT\CMD;C:\PROGRAM FILES\TORTOISEGIT\BIN;C:\PROGRAM FILES\INTEL\INTEL(R) MANAGEMENT ENGINE COMPONENTS\DAL;C:\PROGRAM FILES\INTEL\INTEL(R) MANAGEMENT ENGINE COMPONENTS\IPT;C:\PROGRAM FILES (X86)\INTEL\INTEL(R) MANAGEMENT ENGINE COMPONENTS\DAL;C:\PROGRAM FILES (X86)\INTEL\INTEL(R) MANAGEMENT ENGINE COMPONENTS\IPT;;C:\Program Files (x86)\Lenovo\Lenovo Home\DCMainWin.exe;C:\Users\yelifeng\AppData\Roaming\npm;D:\Program Files\Fiddler;C:\Program Files (x86)\SSH Communications Security\SSH Secure Shell;.]
2019-11-24 22:25:49.668 INFO [localhost-startStop-1]o.a.catalina.core.ContainerBase.[Tomcat].[localhost].[/].log:180 -Initializing Spring embedded WebApplicationContext
2019-11-24 22:25:49.668 INFO [localhost-startStop-1]org.springframework.web.context.ContextLoader.prepareWebApplicationContext:285 -Root WebApplicationContext: initialization completed in 2408 ms
2019-11-24 22:25:49.905 INFO [localhost-startStop-1]o.s.boot.web.servlet.ServletRegistrationBean.addRegistration:185 -Servlet dispatcherServlet mapped to [/]
2019-11-24 22:25:49.906 INFO [localhost-startStop-1]o.s.boot.web.servlet.ServletRegistrationBean.addRegistration:185 -Servlet userServlet mapped to [/v1/api/test/customs]
2019-11-24 22:25:49.908 INFO [localhost-startStop-1]o.s.boot.web.servlet.FilterRegistrationBean.configure:244 -Mapping filter: 'characterEncodingFilter' to: [/*]
2019-11-24 22:25:49.909 INFO [localhost-startStop-1]o.s.boot.web.servlet.FilterRegistrationBean.configure:244 -Mapping filter: 'hiddenHttpMethodFilter' to: [/*]
2019-11-24 22:25:49.909 INFO [localhost-startStop-1]o.s.boot.web.servlet.FilterRegistrationBean.configure:244 -Mapping filter: 'httpPutFormContentFilter' to: [/*]
2019-11-24 22:25:49.909 INFO [localhost-startStop-1]o.s.boot.web.servlet.FilterRegistrationBean.configure:244 -Mapping filter: 'requestContextFilter' to: [/*]
2019-11-24 22:25:49.909 INFO [localhost-startStop-1]o.s.boot.web.servlet.FilterRegistrationBean.configure:257 -Mapping filter: 'loginFilter' to urls: [/api/*]
2019-11-24 22:25:50.121 INFO [restartedMain]o.s.web.servlet.handler.SimpleUrlHandlerMapping.registerHandler:373 -Mapped URL path [/**/favicon.ico] onto handler of type [class org.springframework.web.servlet.resource.ResourceHttpRequestHandler]
2019-11-24 22:25:50.310 INFO [restartedMain]o.s.w.s.m.method.annotation.RequestMappingHandlerAdapter.initControllerAdviceCache:574 -Looking for @ControllerAdvice: org.springframework.boot.web.servlet.context.AnnotationConfigServletWebServerApplicationContext@18db52be: startup date [Sun Nov 24 22:25:47 CST 2019]; root of context hierarchy
2019-11-24 22:25:50.435 INFO [restartedMain]o.s.w.s.m.method.annotation.RequestMappingHandlerMapping.register:547 -Mapped "{[/api/v1/test_ext]}" onto public java.lang.Object net.xdclass.demo.controller.ExcptionController.index()
2019-11-24 22:25:50.436 INFO [restartedMain]o.s.w.s.m.method.annotation.RequestMappingHandlerMapping.register:547 -Mapped "{[/api/v1/myext]}" onto public java.lang.Object net.xdclass.demo.controller.ExcptionController.myexc()
2019-11-24 22:25:50.436 INFO [restartedMain]o.s.w.s.m.method.annotation.RequestMappingHandlerMapping.register:547 -Mapped "{[/api/v1/gopage]}" onto public java.lang.Object net.xdclass.demo.controller.FileController.index()
2019-11-24 22:25:50.437 INFO [restartedMain]o.s.w.s.m.method.annotation.RequestMappingHandlerMapping.register:547 -Mapped "{[/upload]}" onto public net.xdclass.demo.domain.JsonData net.xdclass.demo.controller.FileController.upload(org.springframework.web.multipart.MultipartFile,javax.servlet.http.HttpServletRequest)
2019-11-24 22:25:50.439 INFO [restartedMain]o.s.w.s.m.method.annotation.RequestMappingHandlerMapping.register:547 -Mapped "{[/freemaker/hello],methods=[GET]}" onto public java.lang.String net.xdclass.demo.controller.FreemakerController.index(org.springframework.ui.ModelMap)
2019-11-24 22:25:50.440 INFO [restartedMain]o.s.w.s.m.method.annotation.RequestMappingHandlerMapping.register:547 -Mapped "{[/v1/get_header],methods=[GET]}" onto public java.lang.Object net.xdclass.demo.controller.GetController.getHeader(java.lang.String,java.lang.String)
2019-11-24 22:25:50.441 INFO [restartedMain]o.s.w.s.m.method.annotation.RequestMappingHandlerMapping.register:547 -Mapped "{[/v1/page_user1],methods=[GET]}" onto public java.lang.Object net.xdclass.demo.controller.GetController.pageUser(int,int)
2019-11-24 22:25:50.441 INFO [restartedMain]o.s.w.s.m.method.annotation.RequestMappingHandlerMapping.register:547 -Mapped "{[/v1/page_user2],methods=[GET]}" onto public java.lang.Object net.xdclass.demo.controller.GetController.pageUserV2(int,int)
2019-11-24 22:25:50.441 INFO [restartedMain]o.s.w.s.m.method.annotation.RequestMappingHandlerMapping.register:547 -Mapped "{[/v1/save_user]}" onto public java.lang.Object net.xdclass.demo.controller.GetController.saveUser(net.xdclass.demo.domain.User)
2019-11-24 22:25:50.441 INFO [restartedMain]o.s.w.s.m.method.annotation.RequestMappingHandlerMapping.register:547 -Mapped "{[/v1/test_request],methods=[GET]}" onto public java.lang.Object net.xdclass.demo.controller.GetController.testRequest(javax.servlet.http.HttpServletRequest)
2019-11-24 22:25:50.442 INFO [restartedMain]o.s.w.s.m.method.annotation.RequestMappingHandlerMapping.register:547 -Mapped "{[/api/v1/test_properties],methods=[GET]}" onto public java.lang.Object net.xdclass.demo.controller.GetController.testPeroperties()
2019-11-24 22:25:50.442 INFO [restartedMain]o.s.w.s.m.method.annotation.RequestMappingHandlerMapping.register:547 -Mapped "{[/api/v1/account],methods=[GET]}" onto public java.lang.Object net.xdclass.demo.controller.GetController.account()
2019-11-24 22:25:50.442 INFO [restartedMain]o.s.w.s.m.method.annotation.RequestMappingHandlerMapping.register:547 -Mapped "{[/api2/v1/account],methods=[GET]}" onto public java.lang.Object net.xdclass.demo.controller.GetController.account2()
2019-11-24 22:25:50.445 INFO [restartedMain]o.s.w.s.m.method.annotation.RequestMappingHandlerMapping.register:547 -Mapped "{[/v1/put],methods=[PUT]}" onto public java.lang.Object net.xdclass.demo.controller.OtherHttpController.put(java.lang.String)
2019-11-24 22:25:50.445 INFO [restartedMain]o.s.w.s.m.method.annotation.RequestMappingHandlerMapping.register:547 -Mapped "{[/v1/login],methods=[POST]}" onto public java.lang.Object net.xdclass.demo.controller.OtherHttpController.login(java.lang.String,java.lang.String)
2019-11-24 22:25:50.446 INFO [restartedMain]o.s.w.s.m.method.annotation.RequestMappingHandlerMapping.register:547 -Mapped "{[/v1/del],methods=[DELETE]}" onto public java.lang.Object net.xdclass.demo.controller.OtherHttpController.del(java.lang.String)
2019-11-24 22:25:50.446 INFO [restartedMain]o.s.w.s.m.method.annotation.RequestMappingHandlerMapping.register:547 -Mapped "{[/]}" onto java.lang.String net.xdclass.demo.controller.SampleController.home()
2019-11-24 22:25:50.446 INFO [restartedMain]o.s.w.s.m.method.annotation.RequestMappingHandlerMapping.register:547 -Mapped "{[/test]}" onto public java.util.Map<java.lang.String, java.lang.String> net.xdclass.demo.controller.SampleController.testMap()
2019-11-24 22:25:50.447 INFO [restartedMain]o.s.w.s.m.method.annotation.RequestMappingHandlerMapping.register:547 -Mapped "{[/test/home]}" onto public java.lang.String net.xdclass.demo.controller.SampleController.home2()
2019-11-24 22:25:50.447 INFO [restartedMain]o.s.w.s.m.method.annotation.RequestMappingHandlerMapping.register:547 -Mapped "{[/testjson],methods=[GET]}" onto public java.lang.Object net.xdclass.demo.controller.SampleController.testjson()
2019-11-24 22:25:50.448 INFO [restartedMain]o.s.w.s.m.method.annotation.RequestMappingHandlerMapping.register:547 -Mapped "{[/tyhmeleaf/hello],methods=[GET]}" onto public java.lang.String net.xdclass.demo.controller.ThymeleafController.index()
2019-11-24 22:25:50.448 INFO [restartedMain]o.s.w.s.m.method.annotation.RequestMappingHandlerMapping.register:547 -Mapped "{[/tyhmeleaf/info],methods=[GET]}" onto public java.lang.String net.xdclass.demo.controller.ThymeleafController.admin(org.springframework.ui.ModelMap)
2019-11-24 22:25:50.449 INFO [restartedMain]o.s.w.s.m.method.annotation.RequestMappingHandlerMapping.register:547 -Mapped "{[//v1/log],methods=[GET]}" onto public java.lang.Object net.xdclass.demo.controller.UserController.testLog()
2019-11-24 22:25:50.450 INFO [restartedMain]o.s.w.s.m.method.annotation.RequestMappingHandlerMapping.register:547 -Mapped "{[/error]}" onto public org.springframework.http.ResponseEntity<java.util.Map<java.lang.String, java.lang.Object>> org.springframework.boot.autoconfigure.web.servlet.error.BasicErrorController.error(javax.servlet.http.HttpServletRequest)
2019-11-24 22:25:50.451 INFO [restartedMain]o.s.w.s.m.method.annotation.RequestMappingHandlerMapping.register:547 -Mapped "{[/error],produces=[text/html]}" onto public org.springframework.web.servlet.ModelAndView org.springframework.boot.autoconfigure.web.servlet.error.BasicErrorController.errorHtml(javax.servlet.http.HttpServletRequest,javax.servlet.http.HttpServletResponse)
2019-11-24 22:25:50.471 INFO [restartedMain]o.s.web.servlet.handler.SimpleUrlHandlerMapping.registerHandler:373 -Mapped URL path [/webjars/**] onto handler of type [class org.springframework.web.servlet.resource.ResourceHttpRequestHandler]
2019-11-24 22:25:50.471 INFO [restartedMain]o.s.web.servlet.handler.SimpleUrlHandlerMapping.registerHandler:373 -Mapped URL path [/**] onto handler of type [class org.springframework.web.servlet.resource.ResourceHttpRequestHandler]
2019-11-24 22:25:50.482 INFO [restartedMain]o.s.w.s.m.m.annotation.ExceptionHandlerExceptionResolver.initExceptionHandlerAdviceCache:288 -Detected @ExceptionHandler methods in customExtHandler
2019-11-24 22:25:50.533 WARN [restartedMain]org.thymeleaf.templatemode.TemplateMode.parse:150 -[THYMELEAF][restartedMain] Template Mode 'HTML5' is deprecated. Using Template Mode 'HTML' instead.
2019-11-24 22:25:50.571 INFO [restartedMain]o.s.b.a.web.servlet.WelcomePageHandlerMapping.<init>:56 -Adding welcome page: class path resource [static/index.html]
2019-11-24 22:25:51.515 INFO [restartedMain]o.s.web.servlet.view.freemarker.FreeMarkerConfigurer.postProcessTemplateLoaders:131 -ClassTemplateLoader for Spring macros added to FreeMarker configuration
2019-11-24 22:25:51.753 INFO [restartedMain]o.s.boot.devtools.autoconfigure.OptionalLiveReloadServer.startServer:57 -LiveReload server is running on port 35729
2019-11-24 22:25:51.779 INFO [restartedMain]o.s.jmx.export.annotation.AnnotationMBeanExporter.afterSingletonsInstantiated:433 -Registering beans for JMX exposure on startup
2019-11-24 22:25:51.799 INFO [restartedMain]o.s.s.annotation.ScheduledAnnotationBeanPostProcessor.finishRegistration:275 -No TaskScheduler/ScheduledExecutorService bean found for scheduled processing
2019-11-24 22:25:51.853 INFO [restartedMain]org.apache.coyote.http11.Http11NioProtocol.log:180 -Starting ProtocolHandler ["http-nio-8080"]
2019-11-24 22:25:51.873 INFO [restartedMain]org.apache.tomcat.util.net.NioSelectorPool.log:180 -Using a shared selector for servlet write/read
2019-11-24 22:25:51.922 INFO [restartedMain]o.s.boot.web.embedded.tomcat.TomcatWebServer.start:206 -Tomcat started on port(s): 8080 (http) with context path ''
2019-11-24 22:25:51.936 INFO [restartedMain]net.xdclass.demo.ApplicationRun.logStarted:59 -Started ApplicationRun in 5.628 seconds (JVM running for 9.528)
2019-11-24 22:28:18.776 INFO [restartedMain]net.xdclass.demo.ApplicationRun.logStarting:50 -Starting ApplicationRun on yelifeng-lenovo with PID 9688 (D:\ideaproject\springbootstart\target\classes started by yelifeng in D:\ideaproject\springbootstart)
2019-11-24 22:28:18.777 INFO [restartedMain]net.xdclass.demo.ApplicationRun.logStartupProfileInfo:659 -No active profile set, falling back to default profiles: default
2019-11-24 22:28:18.824 INFO [restartedMain]o.s.b.w.s.c.AnnotationConfigServletWebServerApplicationContext.prepareRefresh:590 -Refreshing org.springframework.boot.web.servlet.context.AnnotationConfigServletWebServerApplicationContext@4c9ab15b: startup date [Sun Nov 24 22:28:18 CST 2019]; root of context hierarchy
2019-11-24 22:28:20.155 INFO [restartedMain]o.s.boot.web.embedded.tomcat.TomcatWebServer.initialize:91 -Tomcat initialized with port(s): 8080 (http)
2019-11-24 22:28:20.164 INFO [restartedMain]org.apache.coyote.http11.Http11NioProtocol.log:180 -Initializing ProtocolHandler ["http-nio-8080"]
2019-11-24 22:28:20.170 INFO [restartedMain]org.apache.catalina.core.StandardService.log:180 -Starting service [Tomcat]
2019-11-24 22:28:20.171 INFO [restartedMain]org.apache.catalina.core.StandardEngine.log:180 -Starting Servlet Engine: Apache Tomcat/8.5.29
2019-11-24 22:28:20.174 INFO [localhost-startStop-1]org.apache.catalina.core.AprLifecycleListener.log:180 -The APR based Apache Tomcat Native library which allows optimal performance in production environments was not found on the java.library.path: [D:\Program Files\Java\jdk1.8.0_05\bin;C:\Windows\Sun\Java\bin;C:\Windows\system32;C:\Windows;D:\MYSQL-5.6.23-WIN32\BIN;E:\APP\YELIFENG\PRODUCT\11.2.0\DBHOME_1\BIN;D:\APP\YELIFENG\PRODUCT\11.2.0\DBHOME_1\BIN;C:\PROGRAM FILES (X86)\NVIDIA CORPORATION\PHYSX\COMMON;C:\PROGRAM FILES (X86)\INTEL\ICLS CLIENT\;C:\PROGRAM FILES\INTEL\ICLS CLIENT\;C:\PROGRAM FILES\BROADCOM\BROADCOM 802.11 NETWORK ADAPTER\DRIVER;C:\Windows\SYSTEM32;C:\Windows;C:\Windows\SYSTEM32\WBEM;C:\Windows\SYSTEM32\WINDOWSPOWERSHELL\V1.0\;C:\PROGRAM FILES (X86)\INTEL\OPENCL SDK\3.0\BIN\X86;C:\PROGRAM FILES (X86)\INTEL\OPENCL SDK\3.0\BIN\X64;D:\Program Files\Java\jdk1.8.0_05\BIN;D:\Program Files\Java\jdk1.8.0_05\JRE\BIN;C:\PROGRAM FILES\TORTOISESVN\BIN;C:\STRAWBERRY\C\BIN;C:\STRAWBERRY\PERL\BIN;C:\PROGRAM FILES (X86)\LENOVO\LENOVO HOME\;D:\apache-maven-3.2.1\BIN;D:\PROGRAM FILES\NODEJS\;C:\PROGRAM FILES (X86)\RATIONAL\COMMON;C:\PYTHON27\SCRIPTS;C:\PYTHON27;C:\PROGRAM FILES\GIT\CMD;C:\PROGRAM FILES\TORTOISEGIT\BIN;C:\PROGRAM FILES\INTEL\INTEL(R) MANAGEMENT ENGINE COMPONENTS\DAL;C:\PROGRAM FILES\INTEL\INTEL(R) MANAGEMENT ENGINE COMPONENTS\IPT;C:\PROGRAM FILES (X86)\INTEL\INTEL(R) MANAGEMENT ENGINE COMPONENTS\DAL;C:\PROGRAM FILES (X86)\INTEL\INTEL(R) MANAGEMENT ENGINE COMPONENTS\IPT;;C:\Program Files (x86)\Lenovo\Lenovo Home\DCMainWin.exe;C:\Users\yelifeng\AppData\Roaming\npm;D:\Program Files\Fiddler;C:\Program Files (x86)\SSH Communications Security\SSH Secure Shell;.]
2019-11-24 22:28:20.252 INFO [localhost-startStop-1]o.a.catalina.core.ContainerBase.[Tomcat].[localhost].[/].log:180 -Initializing Spring embedded WebApplicationContext
2019-11-24 22:28:20.253 INFO [localhost-startStop-1]org.springframework.web.context.ContextLoader.prepareWebApplicationContext:285 -Root WebApplicationContext: initialization completed in 1428 ms
2019-11-24 22:28:20.506 INFO [localhost-startStop-1]o.s.boot.web.servlet.ServletRegistrationBean.addRegistration:185 -Servlet dispatcherServlet mapped to [/]
2019-11-24 22:28:20.507 INFO [localhost-startStop-1]o.s.boot.web.servlet.ServletRegistrationBean.addRegistration:185 -Servlet userServlet mapped to [/v1/api/test/customs]
2019-11-24 22:28:20.510 INFO [localhost-startStop-1]o.s.boot.web.servlet.FilterRegistrationBean.configure:244 -Mapping filter: 'characterEncodingFilter' to: [/*]
2019-11-24 22:28:20.510 INFO [localhost-startStop-1]o.s.boot.web.servlet.FilterRegistrationBean.configure:244 -Mapping filter: 'hiddenHttpMethodFilter' to: [/*]
2019-11-24 22:28:20.511 INFO [localhost-startStop-1]o.s.boot.web.servlet.FilterRegistrationBean.configure:244 -Mapping filter: 'httpPutFormContentFilter' to: [/*]
2019-11-24 22:28:20.511 INFO [localhost-startStop-1]o.s.boot.web.servlet.FilterRegistrationBean.configure:244 -Mapping filter: 'requestContextFilter' to: [/*]
2019-11-24 22:28:20.511 INFO [localhost-startStop-1]o.s.boot.web.servlet.FilterRegistrationBean.configure:257 -Mapping filter: 'loginFilter' to urls: [/api/*]
2019-11-24 22:28:20.624 INFO [restartedMain]o.s.web.servlet.handler.SimpleUrlHandlerMapping.registerHandler:373 -Mapped URL path [/**/favicon.ico] onto handler of type [class org.springframework.web.servlet.resource.ResourceHttpRequestHandler]
2019-11-24 22:28:20.797 INFO [restartedMain]o.s.w.s.m.method.annotation.RequestMappingHandlerAdapter.initControllerAdviceCache:574 -Looking for @ControllerAdvice: org.springframework.boot.web.servlet.context.AnnotationConfigServletWebServerApplicationContext@4c9ab15b: startup date [Sun Nov 24 22:28:18 CST 2019]; root of context hierarchy
2019-11-24 22:28:20.843 INFO [restartedMain]o.s.w.s.m.method.annotation.RequestMappingHandlerMapping.register:547 -Mapped "{[/api/v1/test_ext]}" onto public java.lang.Object net.xdclass.demo.controller.ExcptionController.index()
2019-11-24 22:28:20.844 INFO [restartedMain]o.s.w.s.m.method.annotation.RequestMappingHandlerMapping.register:547 -Mapped "{[/api/v1/myext]}" onto public java.lang.Object net.xdclass.demo.controller.ExcptionController.myexc()
2019-11-24 22:28:20.844 INFO [restartedMain]o.s.w.s.m.method.annotation.RequestMappingHandlerMapping.register:547 -Mapped "{[/api/v1/gopage]}" onto public java.lang.Object net.xdclass.demo.controller.FileController.index()
2019-11-24 22:28:20.846 INFO [restartedMain]o.s.w.s.m.method.annotation.RequestMappingHandlerMapping.register:547 -Mapped "{[/upload]}" onto public net.xdclass.demo.domain.JsonData net.xdclass.demo.controller.FileController.upload(org.springframework.web.multipart.MultipartFile,javax.servlet.http.HttpServletRequest)
2019-11-24 22:28:20.848 INFO [restartedMain]o.s.w.s.m.method.annotation.RequestMappingHandlerMapping.register:547 -Mapped "{[/freemaker/hello],methods=[GET]}" onto public java.lang.String net.xdclass.demo.controller.FreemakerController.index(org.springframework.ui.ModelMap)
2019-11-24 22:28:20.849 INFO [restartedMain]o.s.w.s.m.method.annotation.RequestMappingHandlerMapping.register:547 -Mapped "{[/v1/get_header],methods=[GET]}" onto public java.lang.Object net.xdclass.demo.controller.GetController.getHeader(java.lang.String,java.lang.String)
2019-11-24 22:28:20.849 INFO [restartedMain]o.s.w.s.m.method.annotation.RequestMappingHandlerMapping.register:547 -Mapped "{[/v1/page_user1],methods=[GET]}" onto public java.lang.Object net.xdclass.demo.controller.GetController.pageUser(int,int)
2019-11-24 22:28:20.850 INFO [restartedMain]o.s.w.s.m.method.annotation.RequestMappingHandlerMapping.register:547 -Mapped "{[/v1/page_user2],methods=[GET]}" onto public java.lang.Object net.xdclass.demo.controller.GetController.pageUserV2(int,int)
2019-11-24 22:28:20.850 INFO [restartedMain]o.s.w.s.m.method.annotation.RequestMappingHandlerMapping.register:547 -Mapped "{[/v1/save_user]}" onto public java.lang.Object net.xdclass.demo.controller.GetController.saveUser(net.xdclass.demo.domain.User)
2019-11-24 22:28:20.850 INFO [restartedMain]o.s.w.s.m.method.annotation.RequestMappingHandlerMapping.register:547 -Mapped "{[/v1/test_request],methods=[GET]}" onto public java.lang.Object net.xdclass.demo.controller.GetController.testRequest(javax.servlet.http.HttpServletRequest)
2019-11-24 22:28:20.850 INFO [restartedMain]o.s.w.s.m.method.annotation.RequestMappingHandlerMapping.register:547 -Mapped "{[/api/v1/test_properties],methods=[GET]}" onto public java.lang.Object net.xdclass.demo.controller.GetController.testPeroperties()
2019-11-24 22:28:20.851 INFO [restartedMain]o.s.w.s.m.method.annotation.RequestMappingHandlerMapping.register:547 -Mapped "{[/api/v1/account],methods=[GET]}" onto public java.lang.Object net.xdclass.demo.controller.GetController.account()
2019-11-24 22:28:20.851 INFO [restartedMain]o.s.w.s.m.method.annotation.RequestMappingHandlerMapping.register:547 -Mapped "{[/api2/v1/account],methods=[GET]}" onto public java.lang.Object net.xdclass.demo.controller.GetController.account2()
2019-11-24 22:28:20.853 INFO [restartedMain]o.s.w.s.m.method.annotation.RequestMappingHandlerMapping.register:547 -Mapped "{[/v1/put],methods=[PUT]}" onto public java.lang.Object net.xdclass.demo.controller.OtherHttpController.put(java.lang.String)
2019-11-24 22:28:20.853 INFO [restartedMain]o.s.w.s.m.method.annotation.RequestMappingHandlerMapping.register:547 -Mapped "{[/v1/login],methods=[POST]}" onto public java.lang.Object net.xdclass.demo.controller.OtherHttpController.login(java.lang.String,java.lang.String)
2019-11-24 22:28:20.854 INFO [restartedMain]o.s.w.s.m.method.annotation.RequestMappingHandlerMapping.register:547 -Mapped "{[/v1/del],methods=[DELETE]}" onto public java.lang.Object net.xdclass.demo.controller.OtherHttpController.del(java.lang.String)
2019-11-24 22:28:20.854 INFO [restartedMain]o.s.w.s.m.method.annotation.RequestMappingHandlerMapping.register:547 -Mapped "{[/]}" onto java.lang.String net.xdclass.demo.controller.SampleController.home()
2019-11-24 22:28:20.855 INFO [restartedMain]o.s.w.s.m.method.annotation.RequestMappingHandlerMapping.register:547 -Mapped "{[/test]}" onto public java.util.Map<java.lang.String, java.lang.String> net.xdclass.demo.controller.SampleController.testMap()
2019-11-24 22:28:20.855 INFO [restartedMain]o.s.w.s.m.method.annotation.RequestMappingHandlerMapping.register:547 -Mapped "{[/test/home]}" onto public java.lang.String net.xdclass.demo.controller.SampleController.home2()
2019-11-24 22:28:20.855 INFO [restartedMain]o.s.w.s.m.method.annotation.RequestMappingHandlerMapping.register:547 -Mapped "{[/testjson],methods=[GET]}" onto public java.lang.Object net.xdclass.demo.controller.SampleController.testjson()
2019-11-24 22:28:20.856 INFO [restartedMain]o.s.w.s.m.method.annotation.RequestMappingHandlerMapping.register:547 -Mapped "{[/tyhmeleaf/hello],methods=[GET]}" onto public java.lang.String net.xdclass.demo.controller.ThymeleafController.index()
2019-11-24 22:28:20.856 INFO [restartedMain]o.s.w.s.m.method.annotation.RequestMappingHandlerMapping.register:547 -Mapped "{[/tyhmeleaf/info],methods=[GET]}" onto public java.lang.String net.xdclass.demo.controller.ThymeleafController.admin(org.springframework.ui.ModelMap)
2019-11-24 22:28:20.857 INFO [restartedMain]o.s.w.s.m.method.annotation.RequestMappingHandlerMapping.register:547 -Mapped "{[//v1/log],methods=[GET]}" onto public java.lang.Object net.xdclass.demo.controller.UserController.testLog()
2019-11-24 22:28:20.858 INFO [restartedMain]o.s.w.s.m.method.annotation.RequestMappingHandlerMapping.register:547 -Mapped "{[/error]}" onto public org.springframework.http.ResponseEntity<java.util.Map<java.lang.String, java.lang.Object>> org.springframework.boot.autoconfigure.web.servlet.error.BasicErrorController.error(javax.servlet.http.HttpServletRequest)
2019-11-24 22:28:20.859 INFO [restartedMain]o.s.w.s.m.method.annotation.RequestMappingHandlerMapping.register:547 -Mapped "{[/error],produces=[text/html]}" onto public org.springframework.web.servlet.ModelAndView org.springframework.boot.autoconfigure.web.servlet.error.BasicErrorController.errorHtml(javax.servlet.http.HttpServletRequest,javax.servlet.http.HttpServletResponse)
2019-11-24 22:28:20.879 INFO [restartedMain]o.s.web.servlet.handler.SimpleUrlHandlerMapping.registerHandler:373 -Mapped URL path [/webjars/**] onto handler of type [class org.springframework.web.servlet.resource.ResourceHttpRequestHandler]
2019-11-24 22:28:20.880 INFO [restartedMain]o.s.web.servlet.handler.SimpleUrlHandlerMapping.registerHandler:373 -Mapped URL path [/**] onto handler of type [class org.springframework.web.servlet.resource.ResourceHttpRequestHandler]
2019-11-24 22:28:20.891 INFO [restartedMain]o.s.w.s.m.m.annotation.ExceptionHandlerExceptionResolver.initExceptionHandlerAdviceCache:288 -Detected @ExceptionHandler methods in customExtHandler
2019-11-24 22:28:20.943 WARN [restartedMain]org.thymeleaf.templatemode.TemplateMode.parse:150 -[THYMELEAF][restartedMain] Template Mode 'HTML5' is deprecated. Using Template Mode 'HTML' instead.
2019-11-24 22:28:20.981 INFO [restartedMain]o.s.b.a.web.servlet.WelcomePageHandlerMapping.<init>:56 -Adding welcome page: class path resource [static/index.html]
2019-11-24 22:28:21.063 INFO [restartedMain]o.s.web.servlet.view.freemarker.FreeMarkerConfigurer.postProcessTemplateLoaders:131 -ClassTemplateLoader for Spring macros added to FreeMarker configuration
2019-11-24 22:28:21.166 INFO [restartedMain]o.s.boot.devtools.autoconfigure.OptionalLiveReloadServer.startServer:57 -LiveReload server is running on port 35729
2019-11-24 22:28:21.191 INFO [restartedMain]o.s.jmx.export.annotation.AnnotationMBeanExporter.afterSingletonsInstantiated:433 -Registering beans for JMX exposure on startup
2019-11-24 22:28:21.204 INFO [restartedMain]o.s.s.annotation.ScheduledAnnotationBeanPostProcessor.finishRegistration:275 -No TaskScheduler/ScheduledExecutorService bean found for scheduled processing
2019-11-24 22:28:21.210 INFO [restartedMain]org.apache.coyote.http11.Http11NioProtocol.log:180 -Starting ProtocolHandler ["http-nio-8080"]
2019-11-24 22:28:21.218 INFO [restartedMain]org.apache.tomcat.util.net.NioSelectorPool.log:180 -Using a shared selector for servlet write/read
2019-11-24 22:28:21.232 INFO [restartedMain]o.s.boot.web.embedded.tomcat.TomcatWebServer.start:206 -Tomcat started on port(s): 8080 (http) with context path ''
2019-11-24 22:28:21.236 INFO [restartedMain]net.xdclass.demo.ApplicationRun.logStarted:59 -Started ApplicationRun in 2.894 seconds (JVM running for 3.813)
2019-11-24 22:53:42.771 INFO [restartedMain]net.xdclass.demo.ApplicationRun.logStarting:50 -Starting ApplicationRun on yelifeng-lenovo with PID 11268 (D:\ideaproject\springbootstart\target\classes started by yelifeng in D:\ideaproject\springbootstart)
2019-11-24 22:53:42.773 INFO [restartedMain]net.xdclass.demo.ApplicationRun.logStartupProfileInfo:659 -No active profile set, falling back to default profiles: default
2019-11-24 22:53:42.840 INFO [restartedMain]o.s.b.w.s.c.AnnotationConfigServletWebServerApplicationContext.prepareRefresh:590 -Refreshing org.springframework.boot.web.servlet.context.AnnotationConfigServletWebServerApplicationContext@4e1a9c88: startup date [Sun Nov 24 22:53:42 CST 2019]; root of context hierarchy
2019-11-24 22:53:44.089 INFO [restartedMain]o.s.boot.web.embedded.tomcat.TomcatWebServer.initialize:91 -Tomcat initialized with port(s): 8080 (http)
2019-11-24 22:53:44.099 INFO [restartedMain]org.apache.coyote.http11.Http11NioProtocol.log:180 -Initializing ProtocolHandler ["http-nio-8080"]
2019-11-24 22:53:44.107 INFO [restartedMain]org.apache.catalina.core.StandardService.log:180 -Starting service [Tomcat]
2019-11-24 22:53:44.108 INFO [restartedMain]org.apache.catalina.core.StandardEngine.log:180 -Starting Servlet Engine: Apache Tomcat/8.5.29
2019-11-24 22:53:44.111 INFO [localhost-startStop-1]org.apache.catalina.core.AprLifecycleListener.log:180 -The APR based Apache Tomcat Native library which allows optimal performance in production environments was not found on the java.library.path: [D:\Program Files\Java\jdk1.8.0_05\bin;C:\Windows\Sun\Java\bin;C:\Windows\system32;C:\Windows;D:\MYSQL-5.6.23-WIN32\BIN;E:\APP\YELIFENG\PRODUCT\11.2.0\DBHOME_1\BIN;D:\APP\YELIFENG\PRODUCT\11.2.0\DBHOME_1\BIN;C:\PROGRAM FILES (X86)\NVIDIA CORPORATION\PHYSX\COMMON;C:\PROGRAM FILES (X86)\INTEL\ICLS CLIENT\;C:\PROGRAM FILES\INTEL\ICLS CLIENT\;C:\PROGRAM FILES\BROADCOM\BROADCOM 802.11 NETWORK ADAPTER\DRIVER;C:\Windows\SYSTEM32;C:\Windows;C:\Windows\SYSTEM32\WBEM;C:\Windows\SYSTEM32\WINDOWSPOWERSHELL\V1.0\;C:\PROGRAM FILES (X86)\INTEL\OPENCL SDK\3.0\BIN\X86;C:\PROGRAM FILES (X86)\INTEL\OPENCL SDK\3.0\BIN\X64;D:\Program Files\Java\jdk1.8.0_05\BIN;D:\Program Files\Java\jdk1.8.0_05\JRE\BIN;C:\PROGRAM FILES\TORTOISESVN\BIN;C:\STRAWBERRY\C\BIN;C:\STRAWBERRY\PERL\BIN;C:\PROGRAM FILES (X86)\LENOVO\LENOVO HOME\;D:\apache-maven-3.2.1\BIN;D:\PROGRAM FILES\NODEJS\;C:\PROGRAM FILES (X86)\RATIONAL\COMMON;C:\PYTHON27\SCRIPTS;C:\PYTHON27;C:\PROGRAM FILES\GIT\CMD;C:\PROGRAM FILES\TORTOISEGIT\BIN;C:\PROGRAM FILES\INTEL\INTEL(R) MANAGEMENT ENGINE COMPONENTS\DAL;C:\PROGRAM FILES\INTEL\INTEL(R) MANAGEMENT ENGINE COMPONENTS\IPT;C:\PROGRAM FILES (X86)\INTEL\INTEL(R) MANAGEMENT ENGINE COMPONENTS\DAL;C:\PROGRAM FILES (X86)\INTEL\INTEL(R) MANAGEMENT ENGINE COMPONENTS\IPT;;C:\Program Files (x86)\Lenovo\Lenovo Home\DCMainWin.exe;C:\Users\yelifeng\AppData\Roaming\npm;D:\Program Files\Fiddler;C:\Program Files (x86)\SSH Communications Security\SSH Secure Shell;.]
2019-11-24 22:53:44.189 INFO [localhost-startStop-1]o.a.catalina.core.ContainerBase.[Tomcat].[localhost].[/].log:180 -Initializing Spring embedded WebApplicationContext
2019-11-24 22:53:44.190 INFO [localhost-startStop-1]org.springframework.web.context.ContextLoader.prepareWebApplicationContext:285 -Root WebApplicationContext: initialization completed in 1350 ms
2019-11-24 22:53:44.435 INFO [localhost-startStop-1]o.s.boot.web.servlet.ServletRegistrationBean.addRegistration:185 -Servlet dispatcherServlet mapped to [/]
2019-11-24 22:53:44.437 INFO [localhost-startStop-1]o.s.boot.web.servlet.ServletRegistrationBean.addRegistration:185 -Servlet userServlet mapped to [/v1/api/test/customs]
2019-11-24 22:53:44.439 INFO [localhost-startStop-1]o.s.boot.web.servlet.FilterRegistrationBean.configure:244 -Mapping filter: 'characterEncodingFilter' to: [/*]
2019-11-24 22:53:44.439 INFO [localhost-startStop-1]o.s.boot.web.servlet.FilterRegistrationBean.configure:244 -Mapping filter: 'hiddenHttpMethodFilter' to: [/*]
2019-11-24 22:53:44.439 INFO [localhost-startStop-1]o.s.boot.web.servlet.FilterRegistrationBean.configure:244 -Mapping filter: 'httpPutFormContentFilter' to: [/*]
2019-11-24 22:53:44.440 INFO [localhost-startStop-1]o.s.boot.web.servlet.FilterRegistrationBean.configure:244 -Mapping filter: 'requestContextFilter' to: [/*]
2019-11-24 22:53:44.440 INFO [localhost-startStop-1]o.s.boot.web.servlet.FilterRegistrationBean.configure:257 -Mapping filter: 'loginFilter' to urls: [/api/*]
2019-11-24 22:53:44.581 INFO [restartedMain]o.s.web.servlet.handler.SimpleUrlHandlerMapping.registerHandler:373 -Mapped URL path [/**/favicon.ico] onto handler of type [class org.springframework.web.servlet.resource.ResourceHttpRequestHandler]
2019-11-24 22:53:44.788 INFO [restartedMain]o.s.w.s.m.method.annotation.RequestMappingHandlerAdapter.initControllerAdviceCache:574 -Looking for @ControllerAdvice: org.springframework.boot.web.servlet.context.AnnotationConfigServletWebServerApplicationContext@4e1a9c88: startup date [Sun Nov 24 22:53:42 CST 2019]; root of context hierarchy
2019-11-24 22:53:44.837 INFO [restartedMain]o.s.w.s.m.method.annotation.RequestMappingHandlerMapping.register:547 -Mapped "{[/api/v1/test_ext]}" onto public java.lang.Object net.xdclass.demo.controller.ExcptionController.index()
2019-11-24 22:53:44.838 INFO [restartedMain]o.s.w.s.m.method.annotation.RequestMappingHandlerMapping.register:547 -Mapped "{[/api/v1/myext]}" onto public java.lang.Object net.xdclass.demo.controller.ExcptionController.myexc()
2019-11-24 22:53:44.839 INFO [restartedMain]o.s.w.s.m.method.annotation.RequestMappingHandlerMapping.register:547 -Mapped "{[/api/v1/gopage]}" onto public java.lang.Object net.xdclass.demo.controller.FileController.index()
2019-11-24 22:53:44.840 INFO [restartedMain]o.s.w.s.m.method.annotation.RequestMappingHandlerMapping.register:547 -Mapped "{[/upload]}" onto public net.xdclass.demo.domain.JsonData net.xdclass.demo.controller.FileController.upload(org.springframework.web.multipart.MultipartFile,javax.servlet.http.HttpServletRequest)
2019-11-24 22:53:44.842 INFO [restartedMain]o.s.w.s.m.method.annotation.RequestMappingHandlerMapping.register:547 -Mapped "{[/freemaker/hello],methods=[GET]}" onto public java.lang.String net.xdclass.demo.controller.FreemakerController.index(org.springframework.ui.ModelMap)
2019-11-24 22:53:44.844 INFO [restartedMain]o.s.w.s.m.method.annotation.RequestMappingHandlerMapping.register:547 -Mapped "{[/v1/get_header],methods=[GET]}" onto public java.lang.Object net.xdclass.demo.controller.GetController.getHeader(java.lang.String,java.lang.String)
2019-11-24 22:53:44.844 INFO [restartedMain]o.s.w.s.m.method.annotation.RequestMappingHandlerMapping.register:547 -Mapped "{[/v1/page_user1],methods=[GET]}" onto public java.lang.Object net.xdclass.demo.controller.GetController.pageUser(int,int)
2019-11-24 22:53:44.844 INFO [restartedMain]o.s.w.s.m.method.annotation.RequestMappingHandlerMapping.register:547 -Mapped "{[/v1/page_user2],methods=[GET]}" onto public java.lang.Object net.xdclass.demo.controller.GetController.pageUserV2(int,int)
2019-11-24 22:53:44.844 INFO [restartedMain]o.s.w.s.m.method.annotation.RequestMappingHandlerMapping.register:547 -Mapped "{[/v1/save_user]}" onto public java.lang.Object net.xdclass.demo.controller.GetController.saveUser(net.xdclass.demo.domain.User)
2019-11-24 22:53:44.845 INFO [restartedMain]o.s.w.s.m.method.annotation.RequestMappingHandlerMapping.register:547 -Mapped "{[/v1/test_request],methods=[GET]}" onto public java.lang.Object net.xdclass.demo.controller.GetController.testRequest(javax.servlet.http.HttpServletRequest)
2019-11-24 22:53:44.845 INFO [restartedMain]o.s.w.s.m.method.annotation.RequestMappingHandlerMapping.register:547 -Mapped "{[/api/v1/test_properties],methods=[GET]}" onto public java.lang.Object net.xdclass.demo.controller.GetController.testPeroperties()
2019-11-24 22:53:44.845 INFO [restartedMain]o.s.w.s.m.method.annotation.RequestMappingHandlerMapping.register:547 -Mapped "{[/api/v1/account],methods=[GET]}" onto public java.lang.Object net.xdclass.demo.controller.GetController.account()
2019-11-24 22:53:44.845 INFO [restartedMain]o.s.w.s.m.method.annotation.RequestMappingHandlerMapping.register:547 -Mapped "{[/api2/v1/account],methods=[GET]}" onto public java.lang.Object net.xdclass.demo.controller.GetController.account2()
2019-11-24 22:53:44.848 INFO [restartedMain]o.s.w.s.m.method.annotation.RequestMappingHandlerMapping.register:547 -Mapped "{[/v1/put],methods=[PUT]}" onto public java.lang.Object net.xdclass.demo.controller.OtherHttpController.put(java.lang.String)
2019-11-24 22:53:44.848 INFO [restartedMain]o.s.w.s.m.method.annotation.RequestMappingHandlerMapping.register:547 -Mapped "{[/v1/login],methods=[POST]}" onto public java.lang.Object net.xdclass.demo.controller.OtherHttpController.login(java.lang.String,java.lang.String)
2019-11-24 22:53:44.848 INFO [restartedMain]o.s.w.s.m.method.annotation.RequestMappingHandlerMapping.register:547 -Mapped "{[/v1/del],methods=[DELETE]}" onto public java.lang.Object net.xdclass.demo.controller.OtherHttpController.del(java.lang.String)
2019-11-24 22:53:44.849 INFO [restartedMain]o.s.w.s.m.method.annotation.RequestMappingHandlerMapping.register:547 -Mapped "{[/]}" onto java.lang.String net.xdclass.demo.controller.SampleController.home()
2019-11-24 22:53:44.849 INFO [restartedMain]o.s.w.s.m.method.annotation.RequestMappingHandlerMapping.register:547 -Mapped "{[/test]}" onto public java.util.Map<java.lang.String, java.lang.String> net.xdclass.demo.controller.SampleController.testMap()
2019-11-24 22:53:44.850 INFO [restartedMain]o.s.w.s.m.method.annotation.RequestMappingHandlerMapping.register:547 -Mapped "{[/test/home]}" onto public java.lang.String net.xdclass.demo.controller.SampleController.home2()
2019-11-24 22:53:44.850 INFO [restartedMain]o.s.w.s.m.method.annotation.RequestMappingHandlerMapping.register:547 -Mapped "{[/testjson],methods=[GET]}" onto public java.lang.Object net.xdclass.demo.controller.SampleController.testjson()
2019-11-24 22:53:44.850 INFO [restartedMain]o.s.w.s.m.method.annotation.RequestMappingHandlerMapping.register:547 -Mapped "{[/tyhmeleaf/hello],methods=[GET]}" onto public java.lang.String net.xdclass.demo.controller.ThymeleafController.index()
2019-11-24 22:53:44.851 INFO [restartedMain]o.s.w.s.m.method.annotation.RequestMappingHandlerMapping.register:547 -Mapped "{[/tyhmeleaf/info],methods=[GET]}" onto public java.lang.String net.xdclass.demo.controller.ThymeleafController.admin(org.springframework.ui.ModelMap)
2019-11-24 22:53:44.851 INFO [restartedMain]o.s.w.s.m.method.annotation.RequestMappingHandlerMapping.register:547 -Mapped "{[/log/v1/log],methods=[GET]}" onto public java.lang.Object net.xdclass.demo.controller.UserController.testLog()
2019-11-24 22:53:44.852 INFO [restartedMain]o.s.w.s.m.method.annotation.RequestMappingHandlerMapping.register:547 -Mapped "{[/log/v1/async_task],methods=[GET]}" onto public net.xdclass.demo.domain.JsonData net.xdclass.demo.controller.UserController.exeTask() throws java.lang.InterruptedException
2019-11-24 22:53:44.854 INFO [restartedMain]o.s.w.s.m.method.annotation.RequestMappingHandlerMapping.register:547 -Mapped "{[/error]}" onto public org.springframework.http.ResponseEntity<java.util.Map<java.lang.String, java.lang.Object>> org.springframework.boot.autoconfigure.web.servlet.error.BasicErrorController.error(javax.servlet.http.HttpServletRequest)
2019-11-24 22:53:44.854 INFO [restartedMain]o.s.w.s.m.method.annotation.RequestMappingHandlerMapping.register:547 -Mapped "{[/error],produces=[text/html]}" onto public org.springframework.web.servlet.ModelAndView org.springframework.boot.autoconfigure.web.servlet.error.BasicErrorController.errorHtml(javax.servlet.http.HttpServletRequest,javax.servlet.http.HttpServletResponse)
2019-11-24 22:53:44.887 INFO [restartedMain]o.s.web.servlet.handler.SimpleUrlHandlerMapping.registerHandler:373 -Mapped URL path [/webjars/**] onto handler of type [class org.springframework.web.servlet.resource.ResourceHttpRequestHandler]
2019-11-24 22:53:44.887 INFO [restartedMain]o.s.web.servlet.handler.SimpleUrlHandlerMapping.registerHandler:373 -Mapped URL path [/**] onto handler of type [class org.springframework.web.servlet.resource.ResourceHttpRequestHandler]
2019-11-24 22:53:44.899 INFO [restartedMain]o.s.w.s.m.m.annotation.ExceptionHandlerExceptionResolver.initExceptionHandlerAdviceCache:288 -Detected @ExceptionHandler methods in customExtHandler
2019-11-24 22:53:44.967 WARN [restartedMain]org.thymeleaf.templatemode.TemplateMode.parse:150 -[THYMELEAF][restartedMain] Template Mode 'HTML5' is deprecated. Using Template Mode 'HTML' instead.
2019-11-24 22:53:45.016 INFO [restartedMain]o.s.b.a.web.servlet.WelcomePageHandlerMapping.<init>:56 -Adding welcome page: class path resource [static/index.html]
2019-11-24 22:53:45.102 INFO [restartedMain]o.s.web.servlet.view.freemarker.FreeMarkerConfigurer.postProcessTemplateLoaders:131 -ClassTemplateLoader for Spring macros added to FreeMarker configuration
2019-11-24 22:53:45.207 INFO [restartedMain]o.s.boot.devtools.autoconfigure.OptionalLiveReloadServer.startServer:57 -LiveReload server is running on port 35729
2019-11-24 22:53:45.232 INFO [restartedMain]o.s.jmx.export.annotation.AnnotationMBeanExporter.afterSingletonsInstantiated:433 -Registering beans for JMX exposure on startup
2019-11-24 22:53:45.244 INFO [restartedMain]o.s.s.annotation.ScheduledAnnotationBeanPostProcessor.finishRegistration:275 -No TaskScheduler/ScheduledExecutorService bean found for scheduled processing
2019-11-24 22:53:45.250 INFO [restartedMain]org.apache.coyote.http11.Http11NioProtocol.log:180 -Starting ProtocolHandler ["http-nio-8080"]
2019-11-24 22:53:45.257 INFO [restartedMain]org.apache.tomcat.util.net.NioSelectorPool.log:180 -Using a shared selector for servlet write/read
2019-11-24 22:53:45.270 INFO [restartedMain]o.s.boot.web.embedded.tomcat.TomcatWebServer.start:206 -Tomcat started on port(s): 8080 (http) with context path ''
2019-11-24 22:53:45.274 INFO [restartedMain]net.xdclass.demo.ApplicationRun.logStarted:59 -Started ApplicationRun in 3.031 seconds (JVM running for 3.939)
2019-11-24 22:55:54.101 INFO [http-nio-8080-exec-1]o.a.catalina.core.ContainerBase.[Tomcat].[localhost].[/].log:180 -Initializing Spring FrameworkServlet 'dispatcherServlet'
2019-11-24 22:55:54.102 INFO [http-nio-8080-exec-1]org.springframework.web.servlet.DispatcherServlet.initServletBean:494 -FrameworkServlet 'dispatcherServlet': initialization started
2019-11-24 22:55:54.129 INFO [http-nio-8080-exec-1]org.springframework.web.servlet.DispatcherServlet.initServletBean:509 -FrameworkServlet 'dispatcherServlet': initialization completed in 26 ms
