2019-11-28 17:04:37.161 INFO [restartedMain]net.xdclass.demo.ApplicationRun.logStarting:50 -Starting ApplicationRun on yelifeng-lenovo with PID 14616 (D:\ideaproject\springbootstart\target\classes started by yelifeng in D:\ideaproject\springbootstart)
2019-11-28 17:04:37.163 INFO [restartedMain]net.xdclass.demo.ApplicationRun.logStartupProfileInfo:659 -No active profile set, falling back to default profiles: default
2019-11-28 17:04:37.427 INFO [restartedMain]o.s.b.w.s.c.AnnotationConfigServletWebServerApplicationContext.prepareRefresh:590 -Refreshing org.springframework.boot.web.servlet.context.AnnotationConfigServletWebServerApplicationContext@2e4c104a: startup date [Thu Nov 28 17:04:37 CST 2019]; root of context hierarchy
2019-11-28 17:04:39.759 INFO [restartedMain]o.s.d.repository.config.RepositoryConfigurationDelegate.multipleStoresDetected:163 -Multiple Spring Data modules found, entering strict repository configuration mode!
2019-11-28 17:04:41.396 INFO [restartedMain]o.s.boot.web.embedded.tomcat.TomcatWebServer.initialize:91 -Tomcat initialized with port(s): 8080 (http)
2019-11-28 17:04:41.783 INFO [restartedMain]org.apache.coyote.http11.Http11NioProtocol.log:180 -Initializing ProtocolHandler ["http-nio-8080"]
2019-11-28 17:04:41.872 INFO [restartedMain]org.apache.catalina.core.StandardService.log:180 -Starting service [Tomcat]
2019-11-28 17:04:41.873 INFO [restartedMain]org.apache.catalina.core.StandardEngine.log:180 -Starting Servlet Engine: Apache Tomcat/8.5.29
2019-11-28 17:04:41.916 INFO [localhost-startStop-1]org.apache.catalina.core.AprLifecycleListener.log:180 -The APR based Apache Tomcat Native library which allows optimal performance in production environments was not found on the java.library.path: [D:\Program Files\Java\jdk1.8.0_05\bin;C:\Windows\Sun\Java\bin;C:\Windows\system32;C:\Windows;D:\MYSQL-5.6.23-WIN32\BIN;E:\APP\YELIFENG\PRODUCT\11.2.0\DBHOME_1\BIN;D:\APP\YELIFENG\PRODUCT\11.2.0\DBHOME_1\BIN;C:\PROGRAM FILES (X86)\NVIDIA CORPORATION\PHYSX\COMMON;C:\PROGRAM FILES (X86)\INTEL\ICLS CLIENT\;C:\PROGRAM FILES\INTEL\ICLS CLIENT\;C:\PROGRAM FILES\BROADCOM\BROADCOM 802.11 NETWORK ADAPTER\DRIVER;C:\Windows\SYSTEM32;C:\Windows;C:\Windows\SYSTEM32\WBEM;C:\Windows\SYSTEM32\WINDOWSPOWERSHELL\V1.0\;C:\PROGRAM FILES (X86)\INTEL\OPENCL SDK\3.0\BIN\X86;C:\PROGRAM FILES (X86)\INTEL\OPENCL SDK\3.0\BIN\X64;D:\Program Files\Java\jdk1.8.0_05\BIN;D:\Program Files\Java\jdk1.8.0_05\JRE\BIN;C:\PROGRAM FILES\TORTOISESVN\BIN;C:\STRAWBERRY\C\BIN;C:\STRAWBERRY\PERL\BIN;C:\PROGRAM FILES (X86)\LENOVO\LENOVO HOME\;D:\apache-maven-3.2.1\BIN;D:\PROGRAM FILES\NODEJS\;C:\PROGRAM FILES (X86)\RATIONAL\COMMON;C:\PYTHON27\SCRIPTS;C:\PYTHON27;C:\PROGRAM FILES\GIT\CMD;C:\PROGRAM FILES\TORTOISEGIT\BIN;C:\PROGRAM FILES\INTEL\INTEL(R) MANAGEMENT ENGINE COMPONENTS\DAL;C:\PROGRAM FILES\INTEL\INTEL(R) MANAGEMENT ENGINE COMPONENTS\IPT;C:\PROGRAM FILES (X86)\INTEL\INTEL(R) MANAGEMENT ENGINE COMPONENTS\DAL;C:\PROGRAM FILES (X86)\INTEL\INTEL(R) MANAGEMENT ENGINE COMPONENTS\IPT;;C:\Program Files (x86)\Lenovo\Lenovo Home\DCMainWin.exe;C:\Users\yelifeng\AppData\Roaming\npm;D:\Program Files\Fiddler;C:\Program Files (x86)\SSH Communications Security\SSH Secure Shell;.]
2019-11-28 17:04:42.879 INFO [localhost-startStop-1]o.a.catalina.core.ContainerBase.[Tomcat].[localhost].[/].log:180 -Initializing Spring embedded WebApplicationContext
2019-11-28 17:04:42.880 INFO [localhost-startStop-1]org.springframework.web.context.ContextLoader.prepareWebApplicationContext:285 -Root WebApplicationContext: initialization completed in 5452 ms
2019-11-28 17:04:43.045 INFO [localhost-startStop-1]o.s.boot.web.servlet.ServletRegistrationBean.addRegistration:185 -Servlet dispatcherServlet mapped to [/]
2019-11-28 17:04:43.046 INFO [localhost-startStop-1]o.s.boot.web.servlet.ServletRegistrationBean.addRegistration:185 -Servlet userServlet mapped to [/v1/api/test/customs]
2019-11-28 17:04:43.049 INFO [localhost-startStop-1]o.s.boot.web.servlet.FilterRegistrationBean.configure:244 -Mapping filter: 'characterEncodingFilter' to: [/*]
2019-11-28 17:04:43.049 INFO [localhost-startStop-1]o.s.boot.web.servlet.FilterRegistrationBean.configure:244 -Mapping filter: 'hiddenHttpMethodFilter' to: [/*]
2019-11-28 17:04:43.049 INFO [localhost-startStop-1]o.s.boot.web.servlet.FilterRegistrationBean.configure:244 -Mapping filter: 'httpPutFormContentFilter' to: [/*]
2019-11-28 17:04:43.049 INFO [localhost-startStop-1]o.s.boot.web.servlet.FilterRegistrationBean.configure:244 -Mapping filter: 'requestContextFilter' to: [/*]
2019-11-28 17:04:43.049 INFO [localhost-startStop-1]o.s.boot.web.servlet.FilterRegistrationBean.configure:257 -Mapping filter: 'loginFilter' to urls: [/api/*]
2019-11-28 17:04:43.685 INFO [restartedMain]o.s.web.servlet.handler.SimpleUrlHandlerMapping.registerHandler:373 -Mapped URL path [/**/favicon.ico] onto handler of type [class org.springframework.web.servlet.resource.ResourceHttpRequestHandler]
2019-11-28 17:04:43.956 INFO [restartedMain]o.s.w.s.m.method.annotation.RequestMappingHandlerAdapter.initControllerAdviceCache:574 -Looking for @ControllerAdvice: org.springframework.boot.web.servlet.context.AnnotationConfigServletWebServerApplicationContext@2e4c104a: startup date [Thu Nov 28 17:04:37 CST 2019]; root of context hierarchy
2019-11-28 17:04:44.046 INFO [restartedMain]o.s.w.s.m.method.annotation.RequestMappingHandlerMapping.register:547 -Mapped "{[/api/v1/test_ext]}" onto public java.lang.Object net.xdclass.demo.controller.ExcptionController.index()
2019-11-28 17:04:44.048 INFO [restartedMain]o.s.w.s.m.method.annotation.RequestMappingHandlerMapping.register:547 -Mapped "{[/api/v1/myext]}" onto public java.lang.Object net.xdclass.demo.controller.ExcptionController.myexc()
2019-11-28 17:04:44.049 INFO [restartedMain]o.s.w.s.m.method.annotation.RequestMappingHandlerMapping.register:547 -Mapped "{[/api/v1/gopage]}" onto public java.lang.Object net.xdclass.demo.controller.FileController.index()
2019-11-28 17:04:44.050 INFO [restartedMain]o.s.w.s.m.method.annotation.RequestMappingHandlerMapping.register:547 -Mapped "{[/upload]}" onto public net.xdclass.demo.domain.JsonData net.xdclass.demo.controller.FileController.upload(org.springframework.web.multipart.MultipartFile,javax.servlet.http.HttpServletRequest)
2019-11-28 17:04:44.052 INFO [restartedMain]o.s.w.s.m.method.annotation.RequestMappingHandlerMapping.register:547 -Mapped "{[/freemaker/hello],methods=[GET]}" onto public java.lang.String net.xdclass.demo.controller.FreemakerController.index(org.springframework.ui.ModelMap)
2019-11-28 17:04:44.053 INFO [restartedMain]o.s.w.s.m.method.annotation.RequestMappingHandlerMapping.register:547 -Mapped "{[/v1/get_header],methods=[GET]}" onto public java.lang.Object net.xdclass.demo.controller.GetController.getHeader(java.lang.String,java.lang.String)
2019-11-28 17:04:44.053 INFO [restartedMain]o.s.w.s.m.method.annotation.RequestMappingHandlerMapping.register:547 -Mapped "{[/v1/page_user1],methods=[GET]}" onto public java.lang.Object net.xdclass.demo.controller.GetController.pageUser(int,int)
2019-11-28 17:04:44.054 INFO [restartedMain]o.s.w.s.m.method.annotation.RequestMappingHandlerMapping.register:547 -Mapped "{[/v1/page_user2],methods=[GET]}" onto public java.lang.Object net.xdclass.demo.controller.GetController.pageUserV2(int,int)
2019-11-28 17:04:44.054 INFO [restartedMain]o.s.w.s.m.method.annotation.RequestMappingHandlerMapping.register:547 -Mapped "{[/v1/save_user]}" onto public java.lang.Object net.xdclass.demo.controller.GetController.saveUser(net.xdclass.demo.domain.User)
2019-11-28 17:04:44.054 INFO [restartedMain]o.s.w.s.m.method.annotation.RequestMappingHandlerMapping.register:547 -Mapped "{[/v1/test_request],methods=[GET]}" onto public java.lang.Object net.xdclass.demo.controller.GetController.testRequest(javax.servlet.http.HttpServletRequest)
2019-11-28 17:04:44.054 INFO [restartedMain]o.s.w.s.m.method.annotation.RequestMappingHandlerMapping.register:547 -Mapped "{[/api/v1/test_properties],methods=[GET]}" onto public java.lang.Object net.xdclass.demo.controller.GetController.testPeroperties()
2019-11-28 17:04:44.055 INFO [restartedMain]o.s.w.s.m.method.annotation.RequestMappingHandlerMapping.register:547 -Mapped "{[/api/v1/account],methods=[GET]}" onto public java.lang.Object net.xdclass.demo.controller.GetController.account()
2019-11-28 17:04:44.055 INFO [restartedMain]o.s.w.s.m.method.annotation.RequestMappingHandlerMapping.register:547 -Mapped "{[/api2/v1/account],methods=[GET]}" onto public java.lang.Object net.xdclass.demo.controller.GetController.account2()
2019-11-28 17:04:44.057 INFO [restartedMain]o.s.w.s.m.method.annotation.RequestMappingHandlerMapping.register:547 -Mapped "{[/v1/put],methods=[PUT]}" onto public java.lang.Object net.xdclass.demo.controller.OtherHttpController.put(java.lang.String)
2019-11-28 17:04:44.058 INFO [restartedMain]o.s.w.s.m.method.annotation.RequestMappingHandlerMapping.register:547 -Mapped "{[/v1/del],methods=[DELETE]}" onto public java.lang.Object net.xdclass.demo.controller.OtherHttpController.del(java.lang.String)
2019-11-28 17:04:44.058 INFO [restartedMain]o.s.w.s.m.method.annotation.RequestMappingHandlerMapping.register:547 -Mapped "{[/v1/login],methods=[POST]}" onto public java.lang.Object net.xdclass.demo.controller.OtherHttpController.login(java.lang.String,java.lang.String)
2019-11-28 17:04:44.058 INFO [restartedMain]o.s.w.s.m.method.annotation.RequestMappingHandlerMapping.register:547 -Mapped "{[/redis/v1/redis/add],methods=[GET]}" onto public java.lang.Object net.xdclass.demo.controller.RdisTestController.add()
2019-11-28 17:04:44.059 INFO [restartedMain]o.s.w.s.m.method.annotation.RequestMappingHandlerMapping.register:547 -Mapped "{[/redis/v1/redis/get],methods=[GET]}" onto public java.lang.Object net.xdclass.demo.controller.RdisTestController.get()
2019-11-28 17:04:44.059 INFO [restartedMain]o.s.w.s.m.method.annotation.RequestMappingHandlerMapping.register:547 -Mapped "{[/]}" onto java.lang.String net.xdclass.demo.controller.SampleController.home()
2019-11-28 17:04:44.060 INFO [restartedMain]o.s.w.s.m.method.annotation.RequestMappingHandlerMapping.register:547 -Mapped "{[/test]}" onto public java.util.Map<java.lang.String, java.lang.String> net.xdclass.demo.controller.SampleController.testMap()
2019-11-28 17:04:44.060 INFO [restartedMain]o.s.w.s.m.method.annotation.RequestMappingHandlerMapping.register:547 -Mapped "{[/test/home]}" onto public java.lang.String net.xdclass.demo.controller.SampleController.home2()
2019-11-28 17:04:44.060 INFO [restartedMain]o.s.w.s.m.method.annotation.RequestMappingHandlerMapping.register:547 -Mapped "{[/testjson],methods=[GET]}" onto public java.lang.Object net.xdclass.demo.controller.SampleController.testjson()
2019-11-28 17:04:44.061 INFO [restartedMain]o.s.w.s.m.method.annotation.RequestMappingHandlerMapping.register:547 -Mapped "{[/tyhmeleaf/hello],methods=[GET]}" onto public java.lang.String net.xdclass.demo.controller.ThymeleafController.index()
2019-11-28 17:04:44.061 INFO [restartedMain]o.s.w.s.m.method.annotation.RequestMappingHandlerMapping.register:547 -Mapped "{[/tyhmeleaf/info],methods=[GET]}" onto public java.lang.String net.xdclass.demo.controller.ThymeleafController.admin(org.springframework.ui.ModelMap)
2019-11-28 17:04:44.062 INFO [restartedMain]o.s.w.s.m.method.annotation.RequestMappingHandlerMapping.register:547 -Mapped "{[/log/v1/async_task],methods=[GET]}" onto public net.xdclass.demo.domain.JsonData net.xdclass.demo.controller.UserController.exeTask() throws java.lang.InterruptedException
2019-11-28 17:04:44.062 INFO [restartedMain]o.s.w.s.m.method.annotation.RequestMappingHandlerMapping.register:547 -Mapped "{[/log/v1/log],methods=[GET]}" onto public java.lang.Object net.xdclass.demo.controller.UserController.testLog()
2019-11-28 17:04:44.064 INFO [restartedMain]o.s.w.s.m.method.annotation.RequestMappingHandlerMapping.register:547 -Mapped "{[/error]}" onto public org.springframework.http.ResponseEntity<java.util.Map<java.lang.String, java.lang.Object>> org.springframework.boot.autoconfigure.web.servlet.error.BasicErrorController.error(javax.servlet.http.HttpServletRequest)
2019-11-28 17:04:44.065 INFO [restartedMain]o.s.w.s.m.method.annotation.RequestMappingHandlerMapping.register:547 -Mapped "{[/error],produces=[text/html]}" onto public org.springframework.web.servlet.ModelAndView org.springframework.boot.autoconfigure.web.servlet.error.BasicErrorController.errorHtml(javax.servlet.http.HttpServletRequest,javax.servlet.http.HttpServletResponse)
2019-11-28 17:04:44.105 INFO [restartedMain]o.s.web.servlet.handler.SimpleUrlHandlerMapping.registerHandler:373 -Mapped URL path [/webjars/**] onto handler of type [class org.springframework.web.servlet.resource.ResourceHttpRequestHandler]
2019-11-28 17:04:44.105 INFO [restartedMain]o.s.web.servlet.handler.SimpleUrlHandlerMapping.registerHandler:373 -Mapped URL path [/**] onto handler of type [class org.springframework.web.servlet.resource.ResourceHttpRequestHandler]
2019-11-28 17:04:44.117 INFO [restartedMain]o.s.w.s.m.m.annotation.ExceptionHandlerExceptionResolver.initExceptionHandlerAdviceCache:288 -Detected @ExceptionHandler methods in customExtHandler
2019-11-28 17:04:44.202 WARN [restartedMain]org.thymeleaf.templatemode.TemplateMode.parse:150 -[THYMELEAF][restartedMain] Template Mode 'HTML5' is deprecated. Using Template Mode 'HTML' instead.
2019-11-28 17:04:44.296 INFO [restartedMain]o.s.b.a.web.servlet.WelcomePageHandlerMapping.<init>:56 -Adding welcome page: class path resource [static/index.html]
2019-11-28 17:04:44.900 INFO [restartedMain]o.s.web.servlet.view.freemarker.FreeMarkerConfigurer.postProcessTemplateLoaders:131 -ClassTemplateLoader for Spring macros added to FreeMarker configuration
2019-11-28 17:04:45.053 INFO [restartedMain]o.s.boot.devtools.autoconfigure.OptionalLiveReloadServer.startServer:57 -LiveReload server is running on port 35729
2019-11-28 17:04:45.109 INFO [restartedMain]o.s.jmx.export.annotation.AnnotationMBeanExporter.afterSingletonsInstantiated:433 -Registering beans for JMX exposure on startup
2019-11-28 17:04:45.145 INFO [restartedMain]o.s.s.annotation.ScheduledAnnotationBeanPostProcessor.finishRegistration:275 -No TaskScheduler/ScheduledExecutorService bean found for scheduled processing
2019-11-28 17:04:45.219 INFO [restartedMain]org.apache.coyote.http11.Http11NioProtocol.log:180 -Starting ProtocolHandler ["http-nio-8080"]
2019-11-28 17:04:45.227 INFO [restartedMain]org.apache.tomcat.util.net.NioSelectorPool.log:180 -Using a shared selector for servlet write/read
2019-11-28 17:04:45.270 INFO [restartedMain]o.s.boot.web.embedded.tomcat.TomcatWebServer.start:206 -Tomcat started on port(s): 8080 (http) with context path ''
2019-11-28 17:04:45.273 INFO [restartedMain]net.xdclass.demo.ApplicationRun.logStarted:59 -Started ApplicationRun in 10.591 seconds (JVM running for 15.794)
2019-11-28 17:05:11.415 INFO [http-nio-8080-exec-1]o.a.catalina.core.ContainerBase.[Tomcat].[localhost].[/].log:180 -Initializing Spring FrameworkServlet 'dispatcherServlet'
2019-11-28 17:05:11.416 INFO [http-nio-8080-exec-1]org.springframework.web.servlet.DispatcherServlet.initServletBean:494 -FrameworkServlet 'dispatcherServlet': initialization started
2019-11-28 17:05:11.594 INFO [http-nio-8080-exec-1]org.springframework.web.servlet.DispatcherServlet.initServletBean:509 -FrameworkServlet 'dispatcherServlet': initialization completed in 178 ms
2019-11-28 17:05:24.131 INFO [http-nio-8080-exec-4]io.lettuce.core.EpollProvider.info:101 -Starting without optional epoll library
2019-11-28 17:05:24.133 INFO [http-nio-8080-exec-4]io.lettuce.core.KqueueProvider.info:101 -Starting without optional kqueue library
2019-11-28 17:25:43.977 INFO [restartedMain]net.xdclass.demo.ApplicationRun.logStarting:50 -Starting ApplicationRun on yelifeng-lenovo with PID 14552 (D:\ideaproject\springbootstart\target\classes started by yelifeng in D:\ideaproject\springbootstart)
2019-11-28 17:25:43.980 INFO [restartedMain]net.xdclass.demo.ApplicationRun.logStartupProfileInfo:659 -No active profile set, falling back to default profiles: default
2019-11-28 17:25:44.047 INFO [restartedMain]o.s.b.w.s.c.AnnotationConfigServletWebServerApplicationContext.prepareRefresh:590 -Refreshing org.springframework.boot.web.servlet.context.AnnotationConfigServletWebServerApplicationContext@5a743ebb: startup date [Thu Nov 28 17:25:44 CST 2019]; root of context hierarchy
2019-11-28 17:25:44.981 INFO [restartedMain]o.s.d.repository.config.RepositoryConfigurationDelegate.multipleStoresDetected:163 -Multiple Spring Data modules found, entering strict repository configuration mode!
2019-11-28 17:25:45.892 INFO [restartedMain]o.s.boot.web.embedded.tomcat.TomcatWebServer.initialize:91 -Tomcat initialized with port(s): 8080 (http)
2019-11-28 17:25:45.901 INFO [restartedMain]org.apache.coyote.http11.Http11NioProtocol.log:180 -Initializing ProtocolHandler ["http-nio-8080"]
2019-11-28 17:25:45.908 INFO [restartedMain]org.apache.catalina.core.StandardService.log:180 -Starting service [Tomcat]
2019-11-28 17:25:45.908 INFO [restartedMain]org.apache.catalina.core.StandardEngine.log:180 -Starting Servlet Engine: Apache Tomcat/8.5.29
2019-11-28 17:25:45.912 INFO [localhost-startStop-1]org.apache.catalina.core.AprLifecycleListener.log:180 -The APR based Apache Tomcat Native library which allows optimal performance in production environments was not found on the java.library.path: [D:\Program Files\Java\jdk1.8.0_05\bin;C:\Windows\Sun\Java\bin;C:\Windows\system32;C:\Windows;D:\MYSQL-5.6.23-WIN32\BIN;E:\APP\YELIFENG\PRODUCT\11.2.0\DBHOME_1\BIN;D:\APP\YELIFENG\PRODUCT\11.2.0\DBHOME_1\BIN;C:\PROGRAM FILES (X86)\NVIDIA CORPORATION\PHYSX\COMMON;C:\PROGRAM FILES (X86)\INTEL\ICLS CLIENT\;C:\PROGRAM FILES\INTEL\ICLS CLIENT\;C:\PROGRAM FILES\BROADCOM\BROADCOM 802.11 NETWORK ADAPTER\DRIVER;C:\Windows\SYSTEM32;C:\Windows;C:\Windows\SYSTEM32\WBEM;C:\Windows\SYSTEM32\WINDOWSPOWERSHELL\V1.0\;C:\PROGRAM FILES (X86)\INTEL\OPENCL SDK\3.0\BIN\X86;C:\PROGRAM FILES (X86)\INTEL\OPENCL SDK\3.0\BIN\X64;D:\Program Files\Java\jdk1.8.0_05\BIN;D:\Program Files\Java\jdk1.8.0_05\JRE\BIN;C:\PROGRAM FILES\TORTOISESVN\BIN;C:\STRAWBERRY\C\BIN;C:\STRAWBERRY\PERL\BIN;C:\PROGRAM FILES (X86)\LENOVO\LENOVO HOME\;D:\apache-maven-3.2.1\BIN;D:\PROGRAM FILES\NODEJS\;C:\PROGRAM FILES (X86)\RATIONAL\COMMON;C:\PYTHON27\SCRIPTS;C:\PYTHON27;C:\PROGRAM FILES\GIT\CMD;C:\PROGRAM FILES\TORTOISEGIT\BIN;C:\PROGRAM FILES\INTEL\INTEL(R) MANAGEMENT ENGINE COMPONENTS\DAL;C:\PROGRAM FILES\INTEL\INTEL(R) MANAGEMENT ENGINE COMPONENTS\IPT;C:\PROGRAM FILES (X86)\INTEL\INTEL(R) MANAGEMENT ENGINE COMPONENTS\DAL;C:\PROGRAM FILES (X86)\INTEL\INTEL(R) MANAGEMENT ENGINE COMPONENTS\IPT;;C:\Program Files (x86)\Lenovo\Lenovo Home\DCMainWin.exe;C:\Users\yelifeng\AppData\Roaming\npm;D:\Program Files\Fiddler;C:\Program Files (x86)\SSH Communications Security\SSH Secure Shell;.]
2019-11-28 17:25:46.028 INFO [localhost-startStop-1]o.a.catalina.core.ContainerBase.[Tomcat].[localhost].[/].log:180 -Initializing Spring embedded WebApplicationContext
2019-11-28 17:25:46.028 INFO [localhost-startStop-1]org.springframework.web.context.ContextLoader.prepareWebApplicationContext:285 -Root WebApplicationContext: initialization completed in 1981 ms
2019-11-28 17:25:46.216 INFO [localhost-startStop-1]o.s.boot.web.servlet.ServletRegistrationBean.addRegistration:185 -Servlet dispatcherServlet mapped to [/]
2019-11-28 17:25:46.217 INFO [localhost-startStop-1]o.s.boot.web.servlet.ServletRegistrationBean.addRegistration:185 -Servlet userServlet mapped to [/v1/api/test/customs]
2019-11-28 17:25:46.220 INFO [localhost-startStop-1]o.s.boot.web.servlet.FilterRegistrationBean.configure:244 -Mapping filter: 'characterEncodingFilter' to: [/*]
2019-11-28 17:25:46.221 INFO [localhost-startStop-1]o.s.boot.web.servlet.FilterRegistrationBean.configure:244 -Mapping filter: 'hiddenHttpMethodFilter' to: [/*]
2019-11-28 17:25:46.221 INFO [localhost-startStop-1]o.s.boot.web.servlet.FilterRegistrationBean.configure:244 -Mapping filter: 'httpPutFormContentFilter' to: [/*]
2019-11-28 17:25:46.221 INFO [localhost-startStop-1]o.s.boot.web.servlet.FilterRegistrationBean.configure:244 -Mapping filter: 'requestContextFilter' to: [/*]
2019-11-28 17:25:46.221 INFO [localhost-startStop-1]o.s.boot.web.servlet.FilterRegistrationBean.configure:257 -Mapping filter: 'loginFilter' to urls: [/api/*]
2019-11-28 17:25:46.728 INFO [restartedMain]o.s.web.servlet.handler.SimpleUrlHandlerMapping.registerHandler:373 -Mapped URL path [/**/favicon.ico] onto handler of type [class org.springframework.web.servlet.resource.ResourceHttpRequestHandler]
2019-11-28 17:25:47.001 INFO [restartedMain]o.s.w.s.m.method.annotation.RequestMappingHandlerAdapter.initControllerAdviceCache:574 -Looking for @ControllerAdvice: org.springframework.boot.web.servlet.context.AnnotationConfigServletWebServerApplicationContext@5a743ebb: startup date [Thu Nov 28 17:25:44 CST 2019]; root of context hierarchy
2019-11-28 17:25:47.054 INFO [restartedMain]o.s.w.s.m.method.annotation.RequestMappingHandlerMapping.register:547 -Mapped "{[/api/v1/test_ext]}" onto public java.lang.Object net.xdclass.demo.controller.ExcptionController.index()
2019-11-28 17:25:47.055 INFO [restartedMain]o.s.w.s.m.method.annotation.RequestMappingHandlerMapping.register:547 -Mapped "{[/api/v1/myext]}" onto public java.lang.Object net.xdclass.demo.controller.ExcptionController.myexc()
2019-11-28 17:25:47.055 INFO [restartedMain]o.s.w.s.m.method.annotation.RequestMappingHandlerMapping.register:547 -Mapped "{[/api/v1/gopage]}" onto public java.lang.Object net.xdclass.demo.controller.FileController.index()
2019-11-28 17:25:47.056 INFO [restartedMain]o.s.w.s.m.method.annotation.RequestMappingHandlerMapping.register:547 -Mapped "{[/upload]}" onto public net.xdclass.demo.domain.JsonData net.xdclass.demo.controller.FileController.upload(org.springframework.web.multipart.MultipartFile,javax.servlet.http.HttpServletRequest)
2019-11-28 17:25:47.058 INFO [restartedMain]o.s.w.s.m.method.annotation.RequestMappingHandlerMapping.register:547 -Mapped "{[/freemaker/hello],methods=[GET]}" onto public java.lang.String net.xdclass.demo.controller.FreemakerController.index(org.springframework.ui.ModelMap)
2019-11-28 17:25:47.059 INFO [restartedMain]o.s.w.s.m.method.annotation.RequestMappingHandlerMapping.register:547 -Mapped "{[/v1/get_header],methods=[GET]}" onto public java.lang.Object net.xdclass.demo.controller.GetController.getHeader(java.lang.String,java.lang.String)
2019-11-28 17:25:47.059 INFO [restartedMain]o.s.w.s.m.method.annotation.RequestMappingHandlerMapping.register:547 -Mapped "{[/v1/page_user1],methods=[GET]}" onto public java.lang.Object net.xdclass.demo.controller.GetController.pageUser(int,int)
2019-11-28 17:25:47.060 INFO [restartedMain]o.s.w.s.m.method.annotation.RequestMappingHandlerMapping.register:547 -Mapped "{[/v1/page_user2],methods=[GET]}" onto public java.lang.Object net.xdclass.demo.controller.GetController.pageUserV2(int,int)
2019-11-28 17:25:47.060 INFO [restartedMain]o.s.w.s.m.method.annotation.RequestMappingHandlerMapping.register:547 -Mapped "{[/v1/save_user]}" onto public java.lang.Object net.xdclass.demo.controller.GetController.saveUser(net.xdclass.demo.domain.User)
2019-11-28 17:25:47.060 INFO [restartedMain]o.s.w.s.m.method.annotation.RequestMappingHandlerMapping.register:547 -Mapped "{[/v1/test_request],methods=[GET]}" onto public java.lang.Object net.xdclass.demo.controller.GetController.testRequest(javax.servlet.http.HttpServletRequest)
2019-11-28 17:25:47.060 INFO [restartedMain]o.s.w.s.m.method.annotation.RequestMappingHandlerMapping.register:547 -Mapped "{[/api/v1/test_properties],methods=[GET]}" onto public java.lang.Object net.xdclass.demo.controller.GetController.testPeroperties()
2019-11-28 17:25:47.061 INFO [restartedMain]o.s.w.s.m.method.annotation.RequestMappingHandlerMapping.register:547 -Mapped "{[/api/v1/account],methods=[GET]}" onto public java.lang.Object net.xdclass.demo.controller.GetController.account()
2019-11-28 17:25:47.061 INFO [restartedMain]o.s.w.s.m.method.annotation.RequestMappingHandlerMapping.register:547 -Mapped "{[/api2/v1/account],methods=[GET]}" onto public java.lang.Object net.xdclass.demo.controller.GetController.account2()
2019-11-28 17:25:47.063 INFO [restartedMain]o.s.w.s.m.method.annotation.RequestMappingHandlerMapping.register:547 -Mapped "{[/v1/put],methods=[PUT]}" onto public java.lang.Object net.xdclass.demo.controller.OtherHttpController.put(java.lang.String)
2019-11-28 17:25:47.064 INFO [restartedMain]o.s.w.s.m.method.annotation.RequestMappingHandlerMapping.register:547 -Mapped "{[/v1/del],methods=[DELETE]}" onto public java.lang.Object net.xdclass.demo.controller.OtherHttpController.del(java.lang.String)
2019-11-28 17:25:47.064 INFO [restartedMain]o.s.w.s.m.method.annotation.RequestMappingHandlerMapping.register:547 -Mapped "{[/v1/login],methods=[POST]}" onto public java.lang.Object net.xdclass.demo.controller.OtherHttpController.login(java.lang.String,java.lang.String)
2019-11-28 17:25:47.065 INFO [restartedMain]o.s.w.s.m.method.annotation.RequestMappingHandlerMapping.register:547 -Mapped "{[/redis/v1/redis/add],methods=[GET]}" onto public java.lang.Object net.xdclass.demo.controller.RdisTestController.add()
2019-11-28 17:25:47.065 INFO [restartedMain]o.s.w.s.m.method.annotation.RequestMappingHandlerMapping.register:547 -Mapped "{[/redis/v1/redis/get],methods=[GET]}" onto public java.lang.Object net.xdclass.demo.controller.RdisTestController.get()
2019-11-28 17:25:47.066 INFO [restartedMain]o.s.w.s.m.method.annotation.RequestMappingHandlerMapping.register:547 -Mapped "{[/]}" onto java.lang.String net.xdclass.demo.controller.SampleController.home()
2019-11-28 17:25:47.066 INFO [restartedMain]o.s.w.s.m.method.annotation.RequestMappingHandlerMapping.register:547 -Mapped "{[/test]}" onto public java.util.Map<java.lang.String, java.lang.String> net.xdclass.demo.controller.SampleController.testMap()
2019-11-28 17:25:47.066 INFO [restartedMain]o.s.w.s.m.method.annotation.RequestMappingHandlerMapping.register:547 -Mapped "{[/test/home]}" onto public java.lang.String net.xdclass.demo.controller.SampleController.home2()
2019-11-28 17:25:47.066 INFO [restartedMain]o.s.w.s.m.method.annotation.RequestMappingHandlerMapping.register:547 -Mapped "{[/testjson],methods=[GET]}" onto public java.lang.Object net.xdclass.demo.controller.SampleController.testjson()
2019-11-28 17:25:47.067 INFO [restartedMain]o.s.w.s.m.method.annotation.RequestMappingHandlerMapping.register:547 -Mapped "{[/tyhmeleaf/hello],methods=[GET]}" onto public java.lang.String net.xdclass.demo.controller.ThymeleafController.index()
2019-11-28 17:25:47.067 INFO [restartedMain]o.s.w.s.m.method.annotation.RequestMappingHandlerMapping.register:547 -Mapped "{[/tyhmeleaf/info],methods=[GET]}" onto public java.lang.String net.xdclass.demo.controller.ThymeleafController.admin(org.springframework.ui.ModelMap)
2019-11-28 17:25:47.068 INFO [restartedMain]o.s.w.s.m.method.annotation.RequestMappingHandlerMapping.register:547 -Mapped "{[/log/v1/async_task],methods=[GET]}" onto public net.xdclass.demo.domain.JsonData net.xdclass.demo.controller.UserController.exeTask() throws java.lang.InterruptedException
2019-11-28 17:25:47.068 INFO [restartedMain]o.s.w.s.m.method.annotation.RequestMappingHandlerMapping.register:547 -Mapped "{[/log/v1/log],methods=[GET]}" onto public java.lang.Object net.xdclass.demo.controller.UserController.testLog()
2019-11-28 17:25:47.070 INFO [restartedMain]o.s.w.s.m.method.annotation.RequestMappingHandlerMapping.register:547 -Mapped "{[/error]}" onto public org.springframework.http.ResponseEntity<java.util.Map<java.lang.String, java.lang.Object>> org.springframework.boot.autoconfigure.web.servlet.error.BasicErrorController.error(javax.servlet.http.HttpServletRequest)
2019-11-28 17:25:47.071 INFO [restartedMain]o.s.w.s.m.method.annotation.RequestMappingHandlerMapping.register:547 -Mapped "{[/error],produces=[text/html]}" onto public org.springframework.web.servlet.ModelAndView org.springframework.boot.autoconfigure.web.servlet.error.BasicErrorController.errorHtml(javax.servlet.http.HttpServletRequest,javax.servlet.http.HttpServletResponse)
2019-11-28 17:25:47.106 INFO [restartedMain]o.s.web.servlet.handler.SimpleUrlHandlerMapping.registerHandler:373 -Mapped URL path [/webjars/**] onto handler of type [class org.springframework.web.servlet.resource.ResourceHttpRequestHandler]
2019-11-28 17:25:47.107 INFO [restartedMain]o.s.web.servlet.handler.SimpleUrlHandlerMapping.registerHandler:373 -Mapped URL path [/**] onto handler of type [class org.springframework.web.servlet.resource.ResourceHttpRequestHandler]
2019-11-28 17:25:47.123 INFO [restartedMain]o.s.w.s.m.m.annotation.ExceptionHandlerExceptionResolver.initExceptionHandlerAdviceCache:288 -Detected @ExceptionHandler methods in customExtHandler
2019-11-28 17:25:47.199 WARN [restartedMain]org.thymeleaf.templatemode.TemplateMode.parse:150 -[THYMELEAF][restartedMain] Template Mode 'HTML5' is deprecated. Using Template Mode 'HTML' instead.
2019-11-28 17:25:47.261 INFO [restartedMain]o.s.b.a.web.servlet.WelcomePageHandlerMapping.<init>:56 -Adding welcome page: class path resource [static/index.html]
2019-11-28 17:25:47.485 INFO [restartedMain]o.s.web.servlet.view.freemarker.FreeMarkerConfigurer.postProcessTemplateLoaders:131 -ClassTemplateLoader for Spring macros added to FreeMarker configuration
2019-11-28 17:25:47.633 INFO [restartedMain]o.s.boot.devtools.autoconfigure.OptionalLiveReloadServer.startServer:57 -LiveReload server is running on port 35729
2019-11-28 17:25:47.663 INFO [restartedMain]o.s.jmx.export.annotation.AnnotationMBeanExporter.afterSingletonsInstantiated:433 -Registering beans for JMX exposure on startup
2019-11-28 17:25:47.680 INFO [restartedMain]o.s.s.annotation.ScheduledAnnotationBeanPostProcessor.finishRegistration:275 -No TaskScheduler/ScheduledExecutorService bean found for scheduled processing
2019-11-28 17:25:47.687 INFO [restartedMain]org.apache.coyote.http11.Http11NioProtocol.log:180 -Starting ProtocolHandler ["http-nio-8080"]
2019-11-28 17:25:47.697 INFO [restartedMain]org.apache.tomcat.util.net.NioSelectorPool.log:180 -Using a shared selector for servlet write/read
2019-11-28 17:25:47.710 INFO [restartedMain]o.s.boot.web.embedded.tomcat.TomcatWebServer.start:206 -Tomcat started on port(s): 8080 (http) with context path ''
2019-11-28 17:25:47.715 INFO [restartedMain]net.xdclass.demo.ApplicationRun.logStarted:59 -Started ApplicationRun in 4.388 seconds (JVM running for 5.358)
2019-11-28 17:25:59.539 INFO [http-nio-8080-exec-1]o.a.catalina.core.ContainerBase.[Tomcat].[localhost].[/].log:180 -Initializing Spring FrameworkServlet 'dispatcherServlet'
2019-11-28 17:25:59.539 INFO [http-nio-8080-exec-1]org.springframework.web.servlet.DispatcherServlet.initServletBean:494 -FrameworkServlet 'dispatcherServlet': initialization started
2019-11-28 17:25:59.558 INFO [http-nio-8080-exec-1]org.springframework.web.servlet.DispatcherServlet.initServletBean:509 -FrameworkServlet 'dispatcherServlet': initialization completed in 19 ms
2019-11-28 17:25:59.650 INFO [http-nio-8080-exec-1]io.lettuce.core.EpollProvider.info:101 -Starting without optional epoll library
2019-11-28 17:25:59.651 INFO [http-nio-8080-exec-1]io.lettuce.core.KqueueProvider.info:101 -Starting without optional kqueue library
2019-11-28 17:36:22.771 INFO [restartedMain]net.xdclass.demo.ApplicationRun.logStarting:50 -Starting ApplicationRun on yelifeng-lenovo with PID 12444 (D:\ideaproject\springbootstart\target\classes started by yelifeng in D:\ideaproject\springbootstart)
2019-11-28 17:36:22.773 INFO [restartedMain]net.xdclass.demo.ApplicationRun.logStartupProfileInfo:659 -No active profile set, falling back to default profiles: default
2019-11-28 17:36:22.820 INFO [restartedMain]o.s.b.w.s.c.AnnotationConfigServletWebServerApplicationContext.prepareRefresh:590 -Refreshing org.springframework.boot.web.servlet.context.AnnotationConfigServletWebServerApplicationContext@2a4f82c2: startup date [Thu Nov 28 17:36:22 CST 2019]; root of context hierarchy
2019-11-28 17:36:23.929 INFO [restartedMain]o.s.d.repository.config.RepositoryConfigurationDelegate.multipleStoresDetected:163 -Multiple Spring Data modules found, entering strict repository configuration mode!
2019-11-28 17:36:24.657 INFO [restartedMain]o.s.boot.web.embedded.tomcat.TomcatWebServer.initialize:91 -Tomcat initialized with port(s): 8080 (http)
2019-11-28 17:36:24.668 INFO [restartedMain]org.apache.coyote.http11.Http11NioProtocol.log:180 -Initializing ProtocolHandler ["http-nio-8080"]
2019-11-28 17:36:24.675 INFO [restartedMain]org.apache.catalina.core.StandardService.log:180 -Starting service [Tomcat]
2019-11-28 17:36:24.676 INFO [restartedMain]org.apache.catalina.core.StandardEngine.log:180 -Starting Servlet Engine: Apache Tomcat/8.5.29
2019-11-28 17:36:24.679 INFO [localhost-startStop-1]org.apache.catalina.core.AprLifecycleListener.log:180 -The APR based Apache Tomcat Native library which allows optimal performance in production environments was not found on the java.library.path: [D:\Program Files\Java\jdk1.8.0_05\bin;C:\Windows\Sun\Java\bin;C:\Windows\system32;C:\Windows;D:\MYSQL-5.6.23-WIN32\BIN;E:\APP\YELIFENG\PRODUCT\11.2.0\DBHOME_1\BIN;D:\APP\YELIFENG\PRODUCT\11.2.0\DBHOME_1\BIN;C:\PROGRAM FILES (X86)\NVIDIA CORPORATION\PHYSX\COMMON;C:\PROGRAM FILES (X86)\INTEL\ICLS CLIENT\;C:\PROGRAM FILES\INTEL\ICLS CLIENT\;C:\PROGRAM FILES\BROADCOM\BROADCOM 802.11 NETWORK ADAPTER\DRIVER;C:\Windows\SYSTEM32;C:\Windows;C:\Windows\SYSTEM32\WBEM;C:\Windows\SYSTEM32\WINDOWSPOWERSHELL\V1.0\;C:\PROGRAM FILES (X86)\INTEL\OPENCL SDK\3.0\BIN\X86;C:\PROGRAM FILES (X86)\INTEL\OPENCL SDK\3.0\BIN\X64;D:\Program Files\Java\jdk1.8.0_05\BIN;D:\Program Files\Java\jdk1.8.0_05\JRE\BIN;C:\PROGRAM FILES\TORTOISESVN\BIN;C:\STRAWBERRY\C\BIN;C:\STRAWBERRY\PERL\BIN;C:\PROGRAM FILES (X86)\LENOVO\LENOVO HOME\;D:\apache-maven-3.2.1\BIN;D:\PROGRAM FILES\NODEJS\;C:\PROGRAM FILES (X86)\RATIONAL\COMMON;C:\PYTHON27\SCRIPTS;C:\PYTHON27;C:\PROGRAM FILES\GIT\CMD;C:\PROGRAM FILES\TORTOISEGIT\BIN;C:\PROGRAM FILES\INTEL\INTEL(R) MANAGEMENT ENGINE COMPONENTS\DAL;C:\PROGRAM FILES\INTEL\INTEL(R) MANAGEMENT ENGINE COMPONENTS\IPT;C:\PROGRAM FILES (X86)\INTEL\INTEL(R) MANAGEMENT ENGINE COMPONENTS\DAL;C:\PROGRAM FILES (X86)\INTEL\INTEL(R) MANAGEMENT ENGINE COMPONENTS\IPT;;C:\Program Files (x86)\Lenovo\Lenovo Home\DCMainWin.exe;C:\Users\yelifeng\AppData\Roaming\npm;D:\Program Files\Fiddler;C:\Program Files (x86)\SSH Communications Security\SSH Secure Shell;.]
2019-11-28 17:36:24.765 INFO [localhost-startStop-1]o.a.catalina.core.ContainerBase.[Tomcat].[localhost].[/].log:180 -Initializing Spring embedded WebApplicationContext
2019-11-28 17:36:24.766 INFO [localhost-startStop-1]org.springframework.web.context.ContextLoader.prepareWebApplicationContext:285 -Root WebApplicationContext: initialization completed in 1946 ms
2019-11-28 17:36:24.941 INFO [localhost-startStop-1]o.s.boot.web.servlet.ServletRegistrationBean.addRegistration:185 -Servlet dispatcherServlet mapped to [/]
2019-11-28 17:36:24.942 INFO [localhost-startStop-1]o.s.boot.web.servlet.ServletRegistrationBean.addRegistration:185 -Servlet userServlet mapped to [/v1/api/test/customs]
2019-11-28 17:36:24.945 INFO [localhost-startStop-1]o.s.boot.web.servlet.FilterRegistrationBean.configure:244 -Mapping filter: 'characterEncodingFilter' to: [/*]
2019-11-28 17:36:24.946 INFO [localhost-startStop-1]o.s.boot.web.servlet.FilterRegistrationBean.configure:244 -Mapping filter: 'hiddenHttpMethodFilter' to: [/*]
2019-11-28 17:36:24.946 INFO [localhost-startStop-1]o.s.boot.web.servlet.FilterRegistrationBean.configure:244 -Mapping filter: 'httpPutFormContentFilter' to: [/*]
2019-11-28 17:36:24.946 INFO [localhost-startStop-1]o.s.boot.web.servlet.FilterRegistrationBean.configure:244 -Mapping filter: 'requestContextFilter' to: [/*]
2019-11-28 17:36:24.946 INFO [localhost-startStop-1]o.s.boot.web.servlet.FilterRegistrationBean.configure:257 -Mapping filter: 'loginFilter' to urls: [/api/*]
2019-11-28 17:36:25.595 INFO [restartedMain]o.s.web.servlet.handler.SimpleUrlHandlerMapping.registerHandler:373 -Mapped URL path [/**/favicon.ico] onto handler of type [class org.springframework.web.servlet.resource.ResourceHttpRequestHandler]
2019-11-28 17:36:25.837 INFO [restartedMain]o.s.w.s.m.method.annotation.RequestMappingHandlerAdapter.initControllerAdviceCache:574 -Looking for @ControllerAdvice: org.springframework.boot.web.servlet.context.AnnotationConfigServletWebServerApplicationContext@2a4f82c2: startup date [Thu Nov 28 17:36:22 CST 2019]; root of context hierarchy
2019-11-28 17:36:25.899 INFO [restartedMain]o.s.w.s.m.method.annotation.RequestMappingHandlerMapping.register:547 -Mapped "{[/api/v1/test_ext]}" onto public java.lang.Object net.xdclass.demo.controller.ExcptionController.index()
2019-11-28 17:36:25.900 INFO [restartedMain]o.s.w.s.m.method.annotation.RequestMappingHandlerMapping.register:547 -Mapped "{[/api/v1/myext]}" onto public java.lang.Object net.xdclass.demo.controller.ExcptionController.myexc()
2019-11-28 17:36:25.901 INFO [restartedMain]o.s.w.s.m.method.annotation.RequestMappingHandlerMapping.register:547 -Mapped "{[/api/v1/gopage]}" onto public java.lang.Object net.xdclass.demo.controller.FileController.index()
2019-11-28 17:36:25.903 INFO [restartedMain]o.s.w.s.m.method.annotation.RequestMappingHandlerMapping.register:547 -Mapped "{[/upload]}" onto public net.xdclass.demo.domain.JsonData net.xdclass.demo.controller.FileController.upload(org.springframework.web.multipart.MultipartFile,javax.servlet.http.HttpServletRequest)
2019-11-28 17:36:25.905 INFO [restartedMain]o.s.w.s.m.method.annotation.RequestMappingHandlerMapping.register:547 -Mapped "{[/freemaker/hello],methods=[GET]}" onto public java.lang.String net.xdclass.demo.controller.FreemakerController.index(org.springframework.ui.ModelMap)
2019-11-28 17:36:25.907 INFO [restartedMain]o.s.w.s.m.method.annotation.RequestMappingHandlerMapping.register:547 -Mapped "{[/v1/get_header],methods=[GET]}" onto public java.lang.Object net.xdclass.demo.controller.GetController.getHeader(java.lang.String,java.lang.String)
2019-11-28 17:36:25.907 INFO [restartedMain]o.s.w.s.m.method.annotation.RequestMappingHandlerMapping.register:547 -Mapped "{[/v1/page_user1],methods=[GET]}" onto public java.lang.Object net.xdclass.demo.controller.GetController.pageUser(int,int)
2019-11-28 17:36:25.907 INFO [restartedMain]o.s.w.s.m.method.annotation.RequestMappingHandlerMapping.register:547 -Mapped "{[/v1/page_user2],methods=[GET]}" onto public java.lang.Object net.xdclass.demo.controller.GetController.pageUserV2(int,int)
2019-11-28 17:36:25.908 INFO [restartedMain]o.s.w.s.m.method.annotation.RequestMappingHandlerMapping.register:547 -Mapped "{[/v1/save_user]}" onto public java.lang.Object net.xdclass.demo.controller.GetController.saveUser(net.xdclass.demo.domain.User)
2019-11-28 17:36:25.908 INFO [restartedMain]o.s.w.s.m.method.annotation.RequestMappingHandlerMapping.register:547 -Mapped "{[/v1/test_request],methods=[GET]}" onto public java.lang.Object net.xdclass.demo.controller.GetController.testRequest(javax.servlet.http.HttpServletRequest)
2019-11-28 17:36:25.908 INFO [restartedMain]o.s.w.s.m.method.annotation.RequestMappingHandlerMapping.register:547 -Mapped "{[/api/v1/test_properties],methods=[GET]}" onto public java.lang.Object net.xdclass.demo.controller.GetController.testPeroperties()
2019-11-28 17:36:25.909 INFO [restartedMain]o.s.w.s.m.method.annotation.RequestMappingHandlerMapping.register:547 -Mapped "{[/api/v1/account],methods=[GET]}" onto public java.lang.Object net.xdclass.demo.controller.GetController.account()
2019-11-28 17:36:25.909 INFO [restartedMain]o.s.w.s.m.method.annotation.RequestMappingHandlerMapping.register:547 -Mapped "{[/api2/v1/account],methods=[GET]}" onto public java.lang.Object net.xdclass.demo.controller.GetController.account2()
2019-11-28 17:36:25.913 INFO [restartedMain]o.s.w.s.m.method.annotation.RequestMappingHandlerMapping.register:547 -Mapped "{[/v1/put],methods=[PUT]}" onto public java.lang.Object net.xdclass.demo.controller.OtherHttpController.put(java.lang.String)
2019-11-28 17:36:25.913 INFO [restartedMain]o.s.w.s.m.method.annotation.RequestMappingHandlerMapping.register:547 -Mapped "{[/v1/del],methods=[DELETE]}" onto public java.lang.Object net.xdclass.demo.controller.OtherHttpController.del(java.lang.String)
2019-11-28 17:36:25.913 INFO [restartedMain]o.s.w.s.m.method.annotation.RequestMappingHandlerMapping.register:547 -Mapped "{[/v1/login],methods=[POST]}" onto public java.lang.Object net.xdclass.demo.controller.OtherHttpController.login(java.lang.String,java.lang.String)
2019-11-28 17:36:25.914 INFO [restartedMain]o.s.w.s.m.method.annotation.RequestMappingHandlerMapping.register:547 -Mapped "{[/redis/v1/redis/add],methods=[GET]}" onto public java.lang.Object net.xdclass.demo.controller.RdisTestController.add()
2019-11-28 17:36:25.915 INFO [restartedMain]o.s.w.s.m.method.annotation.RequestMappingHandlerMapping.register:547 -Mapped "{[/redis/v1/redis/get],methods=[GET]}" onto public java.lang.Object net.xdclass.demo.controller.RdisTestController.get()
2019-11-28 17:36:25.915 INFO [restartedMain]o.s.w.s.m.method.annotation.RequestMappingHandlerMapping.register:547 -Mapped "{[/redis/v1/redis/save_user],methods=[GET]}" onto public java.lang.Object net.xdclass.demo.controller.RdisTestController.saveUser()
2019-11-28 17:36:25.915 INFO [restartedMain]o.s.w.s.m.method.annotation.RequestMappingHandlerMapping.register:547 -Mapped "{[/redis/v1/redis/find_user],methods=[GET]}" onto public java.lang.Object net.xdclass.demo.controller.RdisTestController.findUser()
2019-11-28 17:36:25.916 INFO [restartedMain]o.s.w.s.m.method.annotation.RequestMappingHandlerMapping.register:547 -Mapped "{[/]}" onto java.lang.String net.xdclass.demo.controller.SampleController.home()
2019-11-28 17:36:25.916 INFO [restartedMain]o.s.w.s.m.method.annotation.RequestMappingHandlerMapping.register:547 -Mapped "{[/test/home]}" onto public java.lang.String net.xdclass.demo.controller.SampleController.home2()
2019-11-28 17:36:25.916 INFO [restartedMain]o.s.w.s.m.method.annotation.RequestMappingHandlerMapping.register:547 -Mapped "{[/test]}" onto public java.util.Map<java.lang.String, java.lang.String> net.xdclass.demo.controller.SampleController.testMap()
2019-11-28 17:36:25.916 INFO [restartedMain]o.s.w.s.m.method.annotation.RequestMappingHandlerMapping.register:547 -Mapped "{[/testjson],methods=[GET]}" onto public java.lang.Object net.xdclass.demo.controller.SampleController.testjson()
2019-11-28 17:36:25.917 INFO [restartedMain]o.s.w.s.m.method.annotation.RequestMappingHandlerMapping.register:547 -Mapped "{[/tyhmeleaf/hello],methods=[GET]}" onto public java.lang.String net.xdclass.demo.controller.ThymeleafController.index()
2019-11-28 17:36:25.918 INFO [restartedMain]o.s.w.s.m.method.annotation.RequestMappingHandlerMapping.register:547 -Mapped "{[/tyhmeleaf/info],methods=[GET]}" onto public java.lang.String net.xdclass.demo.controller.ThymeleafController.admin(org.springframework.ui.ModelMap)
2019-11-28 17:36:25.920 INFO [restartedMain]o.s.w.s.m.method.annotation.RequestMappingHandlerMapping.register:547 -Mapped "{[/log/v1/async_task],methods=[GET]}" onto public net.xdclass.demo.domain.JsonData net.xdclass.demo.controller.UserController.exeTask() throws java.lang.InterruptedException
2019-11-28 17:36:25.921 INFO [restartedMain]o.s.w.s.m.method.annotation.RequestMappingHandlerMapping.register:547 -Mapped "{[/log/v1/log],methods=[GET]}" onto public java.lang.Object net.xdclass.demo.controller.UserController.testLog()
2019-11-28 17:36:25.923 INFO [restartedMain]o.s.w.s.m.method.annotation.RequestMappingHandlerMapping.register:547 -Mapped "{[/error]}" onto public org.springframework.http.ResponseEntity<java.util.Map<java.lang.String, java.lang.Object>> org.springframework.boot.autoconfigure.web.servlet.error.BasicErrorController.error(javax.servlet.http.HttpServletRequest)
2019-11-28 17:36:25.924 INFO [restartedMain]o.s.w.s.m.method.annotation.RequestMappingHandlerMapping.register:547 -Mapped "{[/error],produces=[text/html]}" onto public org.springframework.web.servlet.ModelAndView org.springframework.boot.autoconfigure.web.servlet.error.BasicErrorController.errorHtml(javax.servlet.http.HttpServletRequest,javax.servlet.http.HttpServletResponse)
2019-11-28 17:36:25.958 INFO [restartedMain]o.s.web.servlet.handler.SimpleUrlHandlerMapping.registerHandler:373 -Mapped URL path [/webjars/**] onto handler of type [class org.springframework.web.servlet.resource.ResourceHttpRequestHandler]
2019-11-28 17:36:25.958 INFO [restartedMain]o.s.web.servlet.handler.SimpleUrlHandlerMapping.registerHandler:373 -Mapped URL path [/**] onto handler of type [class org.springframework.web.servlet.resource.ResourceHttpRequestHandler]
2019-11-28 17:36:25.971 INFO [restartedMain]o.s.w.s.m.m.annotation.ExceptionHandlerExceptionResolver.initExceptionHandlerAdviceCache:288 -Detected @ExceptionHandler methods in customExtHandler
2019-11-28 17:36:26.041 WARN [restartedMain]org.thymeleaf.templatemode.TemplateMode.parse:150 -[THYMELEAF][restartedMain] Template Mode 'HTML5' is deprecated. Using Template Mode 'HTML' instead.
2019-11-28 17:36:26.094 INFO [restartedMain]o.s.b.a.web.servlet.WelcomePageHandlerMapping.<init>:56 -Adding welcome page: class path resource [static/index.html]
2019-11-28 17:36:26.320 INFO [restartedMain]o.s.web.servlet.view.freemarker.FreeMarkerConfigurer.postProcessTemplateLoaders:131 -ClassTemplateLoader for Spring macros added to FreeMarker configuration
2019-11-28 17:36:26.455 INFO [restartedMain]o.s.boot.devtools.autoconfigure.OptionalLiveReloadServer.startServer:57 -LiveReload server is running on port 35729
2019-11-28 17:36:26.496 INFO [restartedMain]o.s.jmx.export.annotation.AnnotationMBeanExporter.afterSingletonsInstantiated:433 -Registering beans for JMX exposure on startup
2019-11-28 17:36:26.517 INFO [restartedMain]o.s.s.annotation.ScheduledAnnotationBeanPostProcessor.finishRegistration:275 -No TaskScheduler/ScheduledExecutorService bean found for scheduled processing
2019-11-28 17:36:26.526 INFO [restartedMain]org.apache.coyote.http11.Http11NioProtocol.log:180 -Starting ProtocolHandler ["http-nio-8080"]
2019-11-28 17:36:26.535 INFO [restartedMain]org.apache.tomcat.util.net.NioSelectorPool.log:180 -Using a shared selector for servlet write/read
2019-11-28 17:36:26.552 INFO [restartedMain]o.s.boot.web.embedded.tomcat.TomcatWebServer.start:206 -Tomcat started on port(s): 8080 (http) with context path ''
2019-11-28 17:36:26.557 INFO [restartedMain]net.xdclass.demo.ApplicationRun.logStarted:59 -Started ApplicationRun in 4.239 seconds (JVM running for 5.044)
2019-11-28 17:36:56.249 INFO [http-nio-8080-exec-1]o.a.catalina.core.ContainerBase.[Tomcat].[localhost].[/].log:180 -Initializing Spring FrameworkServlet 'dispatcherServlet'
2019-11-28 17:36:56.250 INFO [http-nio-8080-exec-1]org.springframework.web.servlet.DispatcherServlet.initServletBean:494 -FrameworkServlet 'dispatcherServlet': initialization started
2019-11-28 17:36:56.270 INFO [http-nio-8080-exec-1]org.springframework.web.servlet.DispatcherServlet.initServletBean:509 -FrameworkServlet 'dispatcherServlet': initialization completed in 20 ms
2019-11-28 17:36:56.489 INFO [http-nio-8080-exec-1]io.lettuce.core.EpollProvider.info:101 -Starting without optional epoll library
2019-11-28 17:36:56.490 INFO [http-nio-8080-exec-1]io.lettuce.core.KqueueProvider.info:101 -Starting without optional kqueue library
2019-11-28 17:42:41.758 INFO [main]xdclass_springboot.demo.JsonTest.logStarting:50 -Starting JsonTest on yelifeng-lenovo with PID 14652 (started by yelifeng in D:\ideaproject\springbootstart)
2019-11-28 17:42:41.761 INFO [main]xdclass_springboot.demo.JsonTest.logStartupProfileInfo:659 -No active profile set, falling back to default profiles: default
2019-11-28 17:42:41.902 INFO [main]o.s.web.context.support.GenericWebApplicationContext.prepareRefresh:590 -Refreshing org.springframework.web.context.support.GenericWebApplicationContext@5f20155b: startup date [Thu Nov 28 17:42:41 CST 2019]; root of context hierarchy
2019-11-28 17:42:42.753 INFO [main]o.s.d.repository.config.RepositoryConfigurationDelegate.multipleStoresDetected:163 -Multiple Spring Data modules found, entering strict repository configuration mode!
2019-11-28 17:42:44.180 INFO [main]o.s.web.servlet.handler.SimpleUrlHandlerMapping.registerHandler:373 -Mapped URL path [/**/favicon.ico] onto handler of type [class org.springframework.web.servlet.resource.ResourceHttpRequestHandler]
2019-11-28 17:42:44.685 INFO [main]o.s.w.s.m.method.annotation.RequestMappingHandlerAdapter.initControllerAdviceCache:574 -Looking for @ControllerAdvice: org.springframework.web.context.support.GenericWebApplicationContext@5f20155b: startup date [Thu Nov 28 17:42:41 CST 2019]; root of context hierarchy
2019-11-28 17:42:44.758 INFO [main]o.s.w.s.m.method.annotation.RequestMappingHandlerMapping.register:547 -Mapped "{[/api/v1/test_ext]}" onto public java.lang.Object net.xdclass.demo.controller.ExcptionController.index()
2019-11-28 17:42:44.759 INFO [main]o.s.w.s.m.method.annotation.RequestMappingHandlerMapping.register:547 -Mapped "{[/api/v1/myext]}" onto public java.lang.Object net.xdclass.demo.controller.ExcptionController.myexc()
2019-11-28 17:42:44.759 INFO [main]o.s.w.s.m.method.annotation.RequestMappingHandlerMapping.register:547 -Mapped "{[/api/v1/gopage]}" onto public java.lang.Object net.xdclass.demo.controller.FileController.index()
2019-11-28 17:42:44.760 INFO [main]o.s.w.s.m.method.annotation.RequestMappingHandlerMapping.register:547 -Mapped "{[/upload]}" onto public net.xdclass.demo.domain.JsonData net.xdclass.demo.controller.FileController.upload(org.springframework.web.multipart.MultipartFile,javax.servlet.http.HttpServletRequest)
2019-11-28 17:42:44.761 INFO [main]o.s.w.s.m.method.annotation.RequestMappingHandlerMapping.register:547 -Mapped "{[/freemaker/hello],methods=[GET]}" onto public java.lang.String net.xdclass.demo.controller.FreemakerController.index(org.springframework.ui.ModelMap)
2019-11-28 17:42:44.763 INFO [main]o.s.w.s.m.method.annotation.RequestMappingHandlerMapping.register:547 -Mapped "{[/v1/get_header],methods=[GET]}" onto public java.lang.Object net.xdclass.demo.controller.GetController.getHeader(java.lang.String,java.lang.String)
2019-11-28 17:42:44.763 INFO [main]o.s.w.s.m.method.annotation.RequestMappingHandlerMapping.register:547 -Mapped "{[/v1/page_user1],methods=[GET]}" onto public java.lang.Object net.xdclass.demo.controller.GetController.pageUser(int,int)
2019-11-28 17:42:44.763 INFO [main]o.s.w.s.m.method.annotation.RequestMappingHandlerMapping.register:547 -Mapped "{[/v1/page_user2],methods=[GET]}" onto public java.lang.Object net.xdclass.demo.controller.GetController.pageUserV2(int,int)
2019-11-28 17:42:44.764 INFO [main]o.s.w.s.m.method.annotation.RequestMappingHandlerMapping.register:547 -Mapped "{[/v1/save_user]}" onto public java.lang.Object net.xdclass.demo.controller.GetController.saveUser(net.xdclass.demo.domain.User)
2019-11-28 17:42:44.764 INFO [main]o.s.w.s.m.method.annotation.RequestMappingHandlerMapping.register:547 -Mapped "{[/v1/test_request],methods=[GET]}" onto public java.lang.Object net.xdclass.demo.controller.GetController.testRequest(javax.servlet.http.HttpServletRequest)
2019-11-28 17:42:44.764 INFO [main]o.s.w.s.m.method.annotation.RequestMappingHandlerMapping.register:547 -Mapped "{[/api/v1/test_properties],methods=[GET]}" onto public java.lang.Object net.xdclass.demo.controller.GetController.testPeroperties()
2019-11-28 17:42:44.765 INFO [main]o.s.w.s.m.method.annotation.RequestMappingHandlerMapping.register:547 -Mapped "{[/api/v1/account],methods=[GET]}" onto public java.lang.Object net.xdclass.demo.controller.GetController.account()
2019-11-28 17:42:44.765 INFO [main]o.s.w.s.m.method.annotation.RequestMappingHandlerMapping.register:547 -Mapped "{[/api2/v1/account],methods=[GET]}" onto public java.lang.Object net.xdclass.demo.controller.GetController.account2()
2019-11-28 17:42:44.769 INFO [main]o.s.w.s.m.method.annotation.RequestMappingHandlerMapping.register:547 -Mapped "{[/v1/put],methods=[PUT]}" onto public java.lang.Object net.xdclass.demo.controller.OtherHttpController.put(java.lang.String)
2019-11-28 17:42:44.769 INFO [main]o.s.w.s.m.method.annotation.RequestMappingHandlerMapping.register:547 -Mapped "{[/v1/del],methods=[DELETE]}" onto public java.lang.Object net.xdclass.demo.controller.OtherHttpController.del(java.lang.String)
2019-11-28 17:42:44.769 INFO [main]o.s.w.s.m.method.annotation.RequestMappingHandlerMapping.register:547 -Mapped "{[/v1/login],methods=[POST]}" onto public java.lang.Object net.xdclass.demo.controller.OtherHttpController.login(java.lang.String,java.lang.String)
2019-11-28 17:42:44.771 INFO [main]o.s.w.s.m.method.annotation.RequestMappingHandlerMapping.register:547 -Mapped "{[/redis/v1/redis/add],methods=[GET]}" onto public java.lang.Object net.xdclass.demo.controller.RdisTestController.add()
2019-11-28 17:42:44.772 INFO [main]o.s.w.s.m.method.annotation.RequestMappingHandlerMapping.register:547 -Mapped "{[/redis/v1/redis/get],methods=[GET]}" onto public java.lang.Object net.xdclass.demo.controller.RdisTestController.get()
2019-11-28 17:42:44.772 INFO [main]o.s.w.s.m.method.annotation.RequestMappingHandlerMapping.register:547 -Mapped "{[/redis/v1/redis/save_user],methods=[GET]}" onto public java.lang.Object net.xdclass.demo.controller.RdisTestController.saveUser()
2019-11-28 17:42:44.772 INFO [main]o.s.w.s.m.method.annotation.RequestMappingHandlerMapping.register:547 -Mapped "{[/redis/v1/redis/find_user],methods=[GET]}" onto public java.lang.Object net.xdclass.demo.controller.RdisTestController.findUser()
2019-11-28 17:42:44.773 INFO [main]o.s.w.s.m.method.annotation.RequestMappingHandlerMapping.register:547 -Mapped "{[/]}" onto java.lang.String net.xdclass.demo.controller.SampleController.home()
2019-11-28 17:42:44.773 INFO [main]o.s.w.s.m.method.annotation.RequestMappingHandlerMapping.register:547 -Mapped "{[/test/home]}" onto public java.lang.String net.xdclass.demo.controller.SampleController.home2()
2019-11-28 17:42:44.773 INFO [main]o.s.w.s.m.method.annotation.RequestMappingHandlerMapping.register:547 -Mapped "{[/test]}" onto public java.util.Map<java.lang.String, java.lang.String> net.xdclass.demo.controller.SampleController.testMap()
2019-11-28 17:42:44.774 INFO [main]o.s.w.s.m.method.annotation.RequestMappingHandlerMapping.register:547 -Mapped "{[/testjson],methods=[GET]}" onto public java.lang.Object net.xdclass.demo.controller.SampleController.testjson()
2019-11-28 17:42:44.775 INFO [main]o.s.w.s.m.method.annotation.RequestMappingHandlerMapping.register:547 -Mapped "{[/tyhmeleaf/hello],methods=[GET]}" onto public java.lang.String net.xdclass.demo.controller.ThymeleafController.index()
2019-11-28 17:42:44.775 INFO [main]o.s.w.s.m.method.annotation.RequestMappingHandlerMapping.register:547 -Mapped "{[/tyhmeleaf/info],methods=[GET]}" onto public java.lang.String net.xdclass.demo.controller.ThymeleafController.admin(org.springframework.ui.ModelMap)
2019-11-28 17:42:44.778 INFO [main]o.s.w.s.m.method.annotation.RequestMappingHandlerMapping.register:547 -Mapped "{[/log/v1/async_task],methods=[GET]}" onto public net.xdclass.demo.domain.JsonData net.xdclass.demo.controller.UserController.exeTask() throws java.lang.InterruptedException
2019-11-28 17:42:44.779 INFO [main]o.s.w.s.m.method.annotation.RequestMappingHandlerMapping.register:547 -Mapped "{[/log/v1/log],methods=[GET]}" onto public java.lang.Object net.xdclass.demo.controller.UserController.testLog()
2019-11-28 17:42:44.780 INFO [main]o.s.w.s.m.method.annotation.RequestMappingHandlerMapping.register:547 -Mapped "{[/error]}" onto public org.springframework.http.ResponseEntity<java.util.Map<java.lang.String, java.lang.Object>> org.springframework.boot.autoconfigure.web.servlet.error.BasicErrorController.error(javax.servlet.http.HttpServletRequest)
2019-11-28 17:42:44.781 INFO [main]o.s.w.s.m.method.annotation.RequestMappingHandlerMapping.register:547 -Mapped "{[/error],produces=[text/html]}" onto public org.springframework.web.servlet.ModelAndView org.springframework.boot.autoconfigure.web.servlet.error.BasicErrorController.errorHtml(javax.servlet.http.HttpServletRequest,javax.servlet.http.HttpServletResponse)
2019-11-28 17:42:44.816 INFO [main]o.s.web.servlet.handler.SimpleUrlHandlerMapping.registerHandler:373 -Mapped URL path [/webjars/**] onto handler of type [class org.springframework.web.servlet.resource.ResourceHttpRequestHandler]
2019-11-28 17:42:44.817 INFO [main]o.s.web.servlet.handler.SimpleUrlHandlerMapping.registerHandler:373 -Mapped URL path [/**] onto handler of type [class org.springframework.web.servlet.resource.ResourceHttpRequestHandler]
2019-11-28 17:42:44.832 INFO [main]o.s.w.s.m.m.annotation.ExceptionHandlerExceptionResolver.initExceptionHandlerAdviceCache:288 -Detected @ExceptionHandler methods in customExtHandler
2019-11-28 17:42:44.942 WARN [main]org.thymeleaf.templatemode.TemplateMode.parse:150 -[THYMELEAF][main] Template Mode 'HTML5' is deprecated. Using Template Mode 'HTML' instead.
2019-11-28 17:42:45.038 INFO [main]o.s.b.a.web.servlet.WelcomePageHandlerMapping.<init>:56 -Adding welcome page: class path resource [static/index.html]
2019-11-28 17:42:45.319 INFO [main]o.s.web.servlet.view.freemarker.FreeMarkerConfigurer.postProcessTemplateLoaders:131 -ClassTemplateLoader for Spring macros added to FreeMarker configuration
2019-11-28 17:42:45.644 INFO [main]o.s.s.annotation.ScheduledAnnotationBeanPostProcessor.finishRegistration:275 -No TaskScheduler/ScheduledExecutorService bean found for scheduled processing
2019-11-28 17:42:45.655 INFO [main]xdclass_springboot.demo.JsonTest.logStarted:59 -Started JsonTest in 4.509 seconds (JVM running for 5.985)
2019-11-28 17:42:46.744 INFO [main]io.lettuce.core.EpollProvider.info:101 -Starting without optional epoll library
2019-11-28 17:42:46.746 INFO [main]io.lettuce.core.KqueueProvider.info:101 -Starting without optional kqueue library
2019-11-28 17:42:47.208 INFO [Thread-3]o.s.web.context.support.GenericWebApplicationContext.doClose:993 -Closing org.springframework.web.context.support.GenericWebApplicationContext@5f20155b: startup date [Thu Nov 28 17:42:41 CST 2019]; root of context hierarchy
