2019-11-25 10:06:15.183 INFO [restartedMain]net.xdclass.demo.ApplicationRun.logStarting:50 -Starting ApplicationRun on yelifeng-lenovo with PID 4260 (D:\ideaproject\springbootstart\target\classes started by yelifeng in D:\ideaproject\springbootstart)
2019-11-25 10:06:15.185 INFO [restartedMain]net.xdclass.demo.ApplicationRun.logStartupProfileInfo:659 -No active profile set, falling back to default profiles: default
2019-11-25 10:06:15.346 INFO [restartedMain]o.s.b.w.s.c.AnnotationConfigServletWebServerApplicationContext.prepareRefresh:590 -Refreshing org.springframework.boot.web.servlet.context.AnnotationConfigServletWebServerApplicationContext@64bc4a9c: startup date [Mon Nov 25 10:06:15 CST 2019]; root of context hierarchy
2019-11-25 10:06:17.630 INFO [restartedMain]o.s.boot.web.embedded.tomcat.TomcatWebServer.initialize:91 -Tomcat initialized with port(s): 8080 (http)
2019-11-25 10:06:17.650 INFO [restartedMain]org.apache.coyote.http11.Http11NioProtocol.log:180 -Initializing ProtocolHandler ["http-nio-8080"]
2019-11-25 10:06:17.671 INFO [restartedMain]org.apache.catalina.core.StandardService.log:180 -Starting service [Tomcat]
2019-11-25 10:06:17.671 INFO [restartedMain]org.apache.catalina.core.StandardEngine.log:180 -Starting Servlet Engine: Apache Tomcat/8.5.29
2019-11-25 10:06:17.691 INFO [localhost-startStop-1]org.apache.catalina.core.AprLifecycleListener.log:180 -The APR based Apache Tomcat Native library which allows optimal performance in production environments was not found on the java.library.path: [D:\Program Files\Java\jdk1.8.0_05\bin;C:\Windows\Sun\Java\bin;C:\Windows\system32;C:\Windows;D:\MYSQL-5.6.23-WIN32\BIN;E:\APP\YELIFENG\PRODUCT\11.2.0\DBHOME_1\BIN;D:\APP\YELIFENG\PRODUCT\11.2.0\DBHOME_1\BIN;C:\PROGRAM FILES (X86)\NVIDIA CORPORATION\PHYSX\COMMON;C:\PROGRAM FILES (X86)\INTEL\ICLS CLIENT\;C:\PROGRAM FILES\INTEL\ICLS CLIENT\;C:\PROGRAM FILES\BROADCOM\BROADCOM 802.11 NETWORK ADAPTER\DRIVER;C:\Windows\SYSTEM32;C:\Windows;C:\Windows\SYSTEM32\WBEM;C:\Windows\SYSTEM32\WINDOWSPOWERSHELL\V1.0\;C:\PROGRAM FILES (X86)\INTEL\OPENCL SDK\3.0\BIN\X86;C:\PROGRAM FILES (X86)\INTEL\OPENCL SDK\3.0\BIN\X64;D:\Program Files\Java\jdk1.8.0_05\BIN;D:\Program Files\Java\jdk1.8.0_05\JRE\BIN;C:\PROGRAM FILES\TORTOISESVN\BIN;C:\STRAWBERRY\C\BIN;C:\STRAWBERRY\PERL\BIN;C:\PROGRAM FILES (X86)\LENOVO\LENOVO HOME\;D:\apache-maven-3.2.1\BIN;D:\PROGRAM FILES\NODEJS\;C:\PROGRAM FILES (X86)\RATIONAL\COMMON;C:\PYTHON27\SCRIPTS;C:\PYTHON27;C:\PROGRAM FILES\GIT\CMD;C:\PROGRAM FILES\TORTOISEGIT\BIN;C:\PROGRAM FILES\INTEL\INTEL(R) MANAGEMENT ENGINE COMPONENTS\DAL;C:\PROGRAM FILES\INTEL\INTEL(R) MANAGEMENT ENGINE COMPONENTS\IPT;C:\PROGRAM FILES (X86)\INTEL\INTEL(R) MANAGEMENT ENGINE COMPONENTS\DAL;C:\PROGRAM FILES (X86)\INTEL\INTEL(R) MANAGEMENT ENGINE COMPONENTS\IPT;;C:\Program Files (x86)\Lenovo\Lenovo Home\DCMainWin.exe;C:\Users\yelifeng\AppData\Roaming\npm;D:\Program Files\Fiddler;C:\Program Files (x86)\SSH Communications Security\SSH Secure Shell;.]
2019-11-25 10:06:17.806 INFO [localhost-startStop-1]o.a.catalina.core.ContainerBase.[Tomcat].[localhost].[/].log:180 -Initializing Spring embedded WebApplicationContext
2019-11-25 10:06:17.806 INFO [localhost-startStop-1]org.springframework.web.context.ContextLoader.prepareWebApplicationContext:285 -Root WebApplicationContext: initialization completed in 2460 ms
2019-11-25 10:06:18.010 INFO [localhost-startStop-1]o.s.boot.web.servlet.ServletRegistrationBean.addRegistration:185 -Servlet dispatcherServlet mapped to [/]
2019-11-25 10:06:18.011 INFO [localhost-startStop-1]o.s.boot.web.servlet.ServletRegistrationBean.addRegistration:185 -Servlet userServlet mapped to [/v1/api/test/customs]
2019-11-25 10:06:18.014 INFO [localhost-startStop-1]o.s.boot.web.servlet.FilterRegistrationBean.configure:244 -Mapping filter: 'characterEncodingFilter' to: [/*]
2019-11-25 10:06:18.015 INFO [localhost-startStop-1]o.s.boot.web.servlet.FilterRegistrationBean.configure:244 -Mapping filter: 'hiddenHttpMethodFilter' to: [/*]
2019-11-25 10:06:18.015 INFO [localhost-startStop-1]o.s.boot.web.servlet.FilterRegistrationBean.configure:244 -Mapping filter: 'httpPutFormContentFilter' to: [/*]
2019-11-25 10:06:18.016 INFO [localhost-startStop-1]o.s.boot.web.servlet.FilterRegistrationBean.configure:244 -Mapping filter: 'requestContextFilter' to: [/*]
2019-11-25 10:06:18.016 INFO [localhost-startStop-1]o.s.boot.web.servlet.FilterRegistrationBean.configure:257 -Mapping filter: 'loginFilter' to urls: [/api/*]
2019-11-25 10:06:18.223 INFO [restartedMain]o.s.web.servlet.handler.SimpleUrlHandlerMapping.registerHandler:373 -Mapped URL path [/**/favicon.ico] onto handler of type [class org.springframework.web.servlet.resource.ResourceHttpRequestHandler]
2019-11-25 10:06:18.489 INFO [restartedMain]o.s.w.s.m.method.annotation.RequestMappingHandlerAdapter.initControllerAdviceCache:574 -Looking for @ControllerAdvice: org.springframework.boot.web.servlet.context.AnnotationConfigServletWebServerApplicationContext@64bc4a9c: startup date [Mon Nov 25 10:06:15 CST 2019]; root of context hierarchy
2019-11-25 10:06:18.559 INFO [restartedMain]o.s.w.s.m.method.annotation.RequestMappingHandlerMapping.register:547 -Mapped "{[/api/v1/test_ext]}" onto public java.lang.Object net.xdclass.demo.controller.ExcptionController.index()
2019-11-25 10:06:18.560 INFO [restartedMain]o.s.w.s.m.method.annotation.RequestMappingHandlerMapping.register:547 -Mapped "{[/api/v1/myext]}" onto public java.lang.Object net.xdclass.demo.controller.ExcptionController.myexc()
2019-11-25 10:06:18.560 INFO [restartedMain]o.s.w.s.m.method.annotation.RequestMappingHandlerMapping.register:547 -Mapped "{[/api/v1/gopage]}" onto public java.lang.Object net.xdclass.demo.controller.FileController.index()
2019-11-25 10:06:18.562 INFO [restartedMain]o.s.w.s.m.method.annotation.RequestMappingHandlerMapping.register:547 -Mapped "{[/upload]}" onto public net.xdclass.demo.domain.JsonData net.xdclass.demo.controller.FileController.upload(org.springframework.web.multipart.MultipartFile,javax.servlet.http.HttpServletRequest)
2019-11-25 10:06:18.564 INFO [restartedMain]o.s.w.s.m.method.annotation.RequestMappingHandlerMapping.register:547 -Mapped "{[/freemaker/hello],methods=[GET]}" onto public java.lang.String net.xdclass.demo.controller.FreemakerController.index(org.springframework.ui.ModelMap)
2019-11-25 10:06:18.565 INFO [restartedMain]o.s.w.s.m.method.annotation.RequestMappingHandlerMapping.register:547 -Mapped "{[/v1/get_header],methods=[GET]}" onto public java.lang.Object net.xdclass.demo.controller.GetController.getHeader(java.lang.String,java.lang.String)
2019-11-25 10:06:18.565 INFO [restartedMain]o.s.w.s.m.method.annotation.RequestMappingHandlerMapping.register:547 -Mapped "{[/v1/page_user1],methods=[GET]}" onto public java.lang.Object net.xdclass.demo.controller.GetController.pageUser(int,int)
2019-11-25 10:06:18.566 INFO [restartedMain]o.s.w.s.m.method.annotation.RequestMappingHandlerMapping.register:547 -Mapped "{[/v1/page_user2],methods=[GET]}" onto public java.lang.Object net.xdclass.demo.controller.GetController.pageUserV2(int,int)
2019-11-25 10:06:18.566 INFO [restartedMain]o.s.w.s.m.method.annotation.RequestMappingHandlerMapping.register:547 -Mapped "{[/v1/save_user]}" onto public java.lang.Object net.xdclass.demo.controller.GetController.saveUser(net.xdclass.demo.domain.User)
2019-11-25 10:06:18.566 INFO [restartedMain]o.s.w.s.m.method.annotation.RequestMappingHandlerMapping.register:547 -Mapped "{[/v1/test_request],methods=[GET]}" onto public java.lang.Object net.xdclass.demo.controller.GetController.testRequest(javax.servlet.http.HttpServletRequest)
2019-11-25 10:06:18.567 INFO [restartedMain]o.s.w.s.m.method.annotation.RequestMappingHandlerMapping.register:547 -Mapped "{[/api/v1/test_properties],methods=[GET]}" onto public java.lang.Object net.xdclass.demo.controller.GetController.testPeroperties()
2019-11-25 10:06:18.567 INFO [restartedMain]o.s.w.s.m.method.annotation.RequestMappingHandlerMapping.register:547 -Mapped "{[/api/v1/account],methods=[GET]}" onto public java.lang.Object net.xdclass.demo.controller.GetController.account()
2019-11-25 10:06:18.567 INFO [restartedMain]o.s.w.s.m.method.annotation.RequestMappingHandlerMapping.register:547 -Mapped "{[/api2/v1/account],methods=[GET]}" onto public java.lang.Object net.xdclass.demo.controller.GetController.account2()
2019-11-25 10:06:18.569 INFO [restartedMain]o.s.w.s.m.method.annotation.RequestMappingHandlerMapping.register:547 -Mapped "{[/v1/put],methods=[PUT]}" onto public java.lang.Object net.xdclass.demo.controller.OtherHttpController.put(java.lang.String)
2019-11-25 10:06:18.570 INFO [restartedMain]o.s.w.s.m.method.annotation.RequestMappingHandlerMapping.register:547 -Mapped "{[/v1/login],methods=[POST]}" onto public java.lang.Object net.xdclass.demo.controller.OtherHttpController.login(java.lang.String,java.lang.String)
2019-11-25 10:06:18.570 INFO [restartedMain]o.s.w.s.m.method.annotation.RequestMappingHandlerMapping.register:547 -Mapped "{[/v1/del],methods=[DELETE]}" onto public java.lang.Object net.xdclass.demo.controller.OtherHttpController.del(java.lang.String)
2019-11-25 10:06:18.571 INFO [restartedMain]o.s.w.s.m.method.annotation.RequestMappingHandlerMapping.register:547 -Mapped "{[/]}" onto java.lang.String net.xdclass.demo.controller.SampleController.home()
2019-11-25 10:06:18.571 INFO [restartedMain]o.s.w.s.m.method.annotation.RequestMappingHandlerMapping.register:547 -Mapped "{[/test]}" onto public java.util.Map<java.lang.String, java.lang.String> net.xdclass.demo.controller.SampleController.testMap()
2019-11-25 10:06:18.571 INFO [restartedMain]o.s.w.s.m.method.annotation.RequestMappingHandlerMapping.register:547 -Mapped "{[/test/home]}" onto public java.lang.String net.xdclass.demo.controller.SampleController.home2()
2019-11-25 10:06:18.571 INFO [restartedMain]o.s.w.s.m.method.annotation.RequestMappingHandlerMapping.register:547 -Mapped "{[/testjson],methods=[GET]}" onto public java.lang.Object net.xdclass.demo.controller.SampleController.testjson()
2019-11-25 10:06:18.572 INFO [restartedMain]o.s.w.s.m.method.annotation.RequestMappingHandlerMapping.register:547 -Mapped "{[/tyhmeleaf/hello],methods=[GET]}" onto public java.lang.String net.xdclass.demo.controller.ThymeleafController.index()
2019-11-25 10:06:18.572 INFO [restartedMain]o.s.w.s.m.method.annotation.RequestMappingHandlerMapping.register:547 -Mapped "{[/tyhmeleaf/info],methods=[GET]}" onto public java.lang.String net.xdclass.demo.controller.ThymeleafController.admin(org.springframework.ui.ModelMap)
2019-11-25 10:06:18.573 INFO [restartedMain]o.s.w.s.m.method.annotation.RequestMappingHandlerMapping.register:547 -Mapped "{[/log/v1/async_task],methods=[GET]}" onto public net.xdclass.demo.domain.JsonData net.xdclass.demo.controller.UserController.exeTask() throws java.lang.InterruptedException
2019-11-25 10:06:18.573 INFO [restartedMain]o.s.w.s.m.method.annotation.RequestMappingHandlerMapping.register:547 -Mapped "{[/log/v1/log],methods=[GET]}" onto public java.lang.Object net.xdclass.demo.controller.UserController.testLog()
2019-11-25 10:06:18.575 INFO [restartedMain]o.s.w.s.m.method.annotation.RequestMappingHandlerMapping.register:547 -Mapped "{[/error]}" onto public org.springframework.http.ResponseEntity<java.util.Map<java.lang.String, java.lang.Object>> org.springframework.boot.autoconfigure.web.servlet.error.BasicErrorController.error(javax.servlet.http.HttpServletRequest)
2019-11-25 10:06:18.576 INFO [restartedMain]o.s.w.s.m.method.annotation.RequestMappingHandlerMapping.register:547 -Mapped "{[/error],produces=[text/html]}" onto public org.springframework.web.servlet.ModelAndView org.springframework.boot.autoconfigure.web.servlet.error.BasicErrorController.errorHtml(javax.servlet.http.HttpServletRequest,javax.servlet.http.HttpServletResponse)
2019-11-25 10:06:18.607 INFO [restartedMain]o.s.web.servlet.handler.SimpleUrlHandlerMapping.registerHandler:373 -Mapped URL path [/webjars/**] onto handler of type [class org.springframework.web.servlet.resource.ResourceHttpRequestHandler]
2019-11-25 10:06:18.607 INFO [restartedMain]o.s.web.servlet.handler.SimpleUrlHandlerMapping.registerHandler:373 -Mapped URL path [/**] onto handler of type [class org.springframework.web.servlet.resource.ResourceHttpRequestHandler]
2019-11-25 10:06:18.618 INFO [restartedMain]o.s.w.s.m.m.annotation.ExceptionHandlerExceptionResolver.initExceptionHandlerAdviceCache:288 -Detected @ExceptionHandler methods in customExtHandler
2019-11-25 10:06:18.829 WARN [restartedMain]org.thymeleaf.templatemode.TemplateMode.parse:150 -[THYMELEAF][restartedMain] Template Mode 'HTML5' is deprecated. Using Template Mode 'HTML' instead.
2019-11-25 10:06:18.883 INFO [restartedMain]o.s.b.a.web.servlet.WelcomePageHandlerMapping.<init>:56 -Adding welcome page: class path resource [static/index.html]
2019-11-25 10:06:19.309 INFO [restartedMain]o.s.web.servlet.view.freemarker.FreeMarkerConfigurer.postProcessTemplateLoaders:131 -ClassTemplateLoader for Spring macros added to FreeMarker configuration
2019-11-25 10:06:19.558 INFO [restartedMain]o.s.boot.devtools.autoconfigure.OptionalLiveReloadServer.startServer:57 -LiveReload server is running on port 35729
2019-11-25 10:06:19.602 INFO [restartedMain]o.s.jmx.export.annotation.AnnotationMBeanExporter.afterSingletonsInstantiated:433 -Registering beans for JMX exposure on startup
2019-11-25 10:06:19.637 INFO [restartedMain]o.s.s.annotation.ScheduledAnnotationBeanPostProcessor.finishRegistration:275 -No TaskScheduler/ScheduledExecutorService bean found for scheduled processing
2019-11-25 10:06:19.667 INFO [restartedMain]org.apache.coyote.http11.Http11NioProtocol.log:180 -Starting ProtocolHandler ["http-nio-8080"]
2019-11-25 10:06:19.675 INFO [restartedMain]org.apache.tomcat.util.net.NioSelectorPool.log:180 -Using a shared selector for servlet write/read
2019-11-25 10:06:19.689 INFO [restartedMain]o.s.boot.web.embedded.tomcat.TomcatWebServer.start:206 -Tomcat started on port(s): 8080 (http) with context path ''
2019-11-25 10:06:19.692 INFO [restartedMain]net.xdclass.demo.ApplicationRun.logStarted:59 -Started ApplicationRun in 5.703 seconds (JVM running for 9.765)
2019-11-25 10:09:17.660 INFO [http-nio-8080-exec-1]o.a.catalina.core.ContainerBase.[Tomcat].[localhost].[/].log:180 -Initializing Spring FrameworkServlet 'dispatcherServlet'
2019-11-25 10:09:17.661 INFO [http-nio-8080-exec-1]org.springframework.web.servlet.DispatcherServlet.initServletBean:494 -FrameworkServlet 'dispatcherServlet': initialization started
2019-11-25 10:09:17.688 INFO [http-nio-8080-exec-1]org.springframework.web.servlet.DispatcherServlet.initServletBean:509 -FrameworkServlet 'dispatcherServlet': initialization completed in 27 ms
2019-11-25 10:09:17.744 INFO [http-nio-8080-exec-1]net.xdclass.demo.controller.UserController.testLog:30 -this is info level 
2019-11-25 10:09:17.744 WARN [http-nio-8080-exec-1]net.xdclass.demo.controller.UserController.testLog:31 -this is warn level 
2019-11-25 10:11:20.570 INFO [restartedMain]net.xdclass.demo.ApplicationRun.logStarting:50 -Starting ApplicationRun on yelifeng-lenovo with PID 7824 (D:\ideaproject\springbootstart\target\classes started by yelifeng in D:\ideaproject\springbootstart)
2019-11-25 10:11:20.571 INFO [restartedMain]net.xdclass.demo.ApplicationRun.logStartupProfileInfo:659 -No active profile set, falling back to default profiles: default
2019-11-25 10:11:20.613 INFO [restartedMain]o.s.b.w.s.c.AnnotationConfigServletWebServerApplicationContext.prepareRefresh:590 -Refreshing org.springframework.boot.web.servlet.context.AnnotationConfigServletWebServerApplicationContext@4cba90c9: startup date [Mon Nov 25 10:11:20 CST 2019]; root of context hierarchy
2019-11-25 10:11:21.934 INFO [restartedMain]o.s.boot.web.embedded.tomcat.TomcatWebServer.initialize:91 -Tomcat initialized with port(s): 8080 (http)
2019-11-25 10:11:21.943 INFO [restartedMain]org.apache.coyote.http11.Http11NioProtocol.log:180 -Initializing ProtocolHandler ["http-nio-8080"]
2019-11-25 10:11:21.950 INFO [restartedMain]org.apache.catalina.core.StandardService.log:180 -Starting service [Tomcat]
2019-11-25 10:11:21.950 INFO [restartedMain]org.apache.catalina.core.StandardEngine.log:180 -Starting Servlet Engine: Apache Tomcat/8.5.29
2019-11-25 10:11:21.953 INFO [localhost-startStop-1]org.apache.catalina.core.AprLifecycleListener.log:180 -The APR based Apache Tomcat Native library which allows optimal performance in production environments was not found on the java.library.path: [D:\Program Files\Java\jdk1.8.0_05\bin;C:\Windows\Sun\Java\bin;C:\Windows\system32;C:\Windows;D:\MYSQL-5.6.23-WIN32\BIN;E:\APP\YELIFENG\PRODUCT\11.2.0\DBHOME_1\BIN;D:\APP\YELIFENG\PRODUCT\11.2.0\DBHOME_1\BIN;C:\PROGRAM FILES (X86)\NVIDIA CORPORATION\PHYSX\COMMON;C:\PROGRAM FILES (X86)\INTEL\ICLS CLIENT\;C:\PROGRAM FILES\INTEL\ICLS CLIENT\;C:\PROGRAM FILES\BROADCOM\BROADCOM 802.11 NETWORK ADAPTER\DRIVER;C:\Windows\SYSTEM32;C:\Windows;C:\Windows\SYSTEM32\WBEM;C:\Windows\SYSTEM32\WINDOWSPOWERSHELL\V1.0\;C:\PROGRAM FILES (X86)\INTEL\OPENCL SDK\3.0\BIN\X86;C:\PROGRAM FILES (X86)\INTEL\OPENCL SDK\3.0\BIN\X64;D:\Program Files\Java\jdk1.8.0_05\BIN;D:\Program Files\Java\jdk1.8.0_05\JRE\BIN;C:\PROGRAM FILES\TORTOISESVN\BIN;C:\STRAWBERRY\C\BIN;C:\STRAWBERRY\PERL\BIN;C:\PROGRAM FILES (X86)\LENOVO\LENOVO HOME\;D:\apache-maven-3.2.1\BIN;D:\PROGRAM FILES\NODEJS\;C:\PROGRAM FILES (X86)\RATIONAL\COMMON;C:\PYTHON27\SCRIPTS;C:\PYTHON27;C:\PROGRAM FILES\GIT\CMD;C:\PROGRAM FILES\TORTOISEGIT\BIN;C:\PROGRAM FILES\INTEL\INTEL(R) MANAGEMENT ENGINE COMPONENTS\DAL;C:\PROGRAM FILES\INTEL\INTEL(R) MANAGEMENT ENGINE COMPONENTS\IPT;C:\PROGRAM FILES (X86)\INTEL\INTEL(R) MANAGEMENT ENGINE COMPONENTS\DAL;C:\PROGRAM FILES (X86)\INTEL\INTEL(R) MANAGEMENT ENGINE COMPONENTS\IPT;;C:\Program Files (x86)\Lenovo\Lenovo Home\DCMainWin.exe;C:\Users\yelifeng\AppData\Roaming\npm;D:\Program Files\Fiddler;C:\Program Files (x86)\SSH Communications Security\SSH Secure Shell;.]
2019-11-25 10:11:22.112 INFO [localhost-startStop-1]o.a.catalina.core.ContainerBase.[Tomcat].[localhost].[/].log:180 -Initializing Spring embedded WebApplicationContext
2019-11-25 10:11:22.113 INFO [localhost-startStop-1]org.springframework.web.context.ContextLoader.prepareWebApplicationContext:285 -Root WebApplicationContext: initialization completed in 1500 ms
2019-11-25 10:11:22.398 INFO [localhost-startStop-1]o.s.boot.web.servlet.ServletRegistrationBean.addRegistration:185 -Servlet dispatcherServlet mapped to [/]
2019-11-25 10:11:22.399 INFO [localhost-startStop-1]o.s.boot.web.servlet.ServletRegistrationBean.addRegistration:185 -Servlet userServlet mapped to [/v1/api/test/customs]
2019-11-25 10:11:22.402 INFO [localhost-startStop-1]o.s.boot.web.servlet.FilterRegistrationBean.configure:244 -Mapping filter: 'characterEncodingFilter' to: [/*]
2019-11-25 10:11:22.402 INFO [localhost-startStop-1]o.s.boot.web.servlet.FilterRegistrationBean.configure:244 -Mapping filter: 'hiddenHttpMethodFilter' to: [/*]
2019-11-25 10:11:22.402 INFO [localhost-startStop-1]o.s.boot.web.servlet.FilterRegistrationBean.configure:244 -Mapping filter: 'httpPutFormContentFilter' to: [/*]
2019-11-25 10:11:22.402 INFO [localhost-startStop-1]o.s.boot.web.servlet.FilterRegistrationBean.configure:244 -Mapping filter: 'requestContextFilter' to: [/*]
2019-11-25 10:11:22.403 INFO [localhost-startStop-1]o.s.boot.web.servlet.FilterRegistrationBean.configure:257 -Mapping filter: 'loginFilter' to urls: [/api/*]
2019-11-25 10:11:22.644 INFO [restartedMain]o.s.web.servlet.handler.SimpleUrlHandlerMapping.registerHandler:373 -Mapped URL path [/**/favicon.ico] onto handler of type [class org.springframework.web.servlet.resource.ResourceHttpRequestHandler]
2019-11-25 10:11:22.843 INFO [restartedMain]o.s.w.s.m.method.annotation.RequestMappingHandlerAdapter.initControllerAdviceCache:574 -Looking for @ControllerAdvice: org.springframework.boot.web.servlet.context.AnnotationConfigServletWebServerApplicationContext@4cba90c9: startup date [Mon Nov 25 10:11:20 CST 2019]; root of context hierarchy
2019-11-25 10:11:22.892 INFO [restartedMain]o.s.w.s.m.method.annotation.RequestMappingHandlerMapping.register:547 -Mapped "{[/api/v1/test_ext]}" onto public java.lang.Object net.xdclass.demo.controller.ExcptionController.index()
2019-11-25 10:11:22.893 INFO [restartedMain]o.s.w.s.m.method.annotation.RequestMappingHandlerMapping.register:547 -Mapped "{[/api/v1/myext]}" onto public java.lang.Object net.xdclass.demo.controller.ExcptionController.myexc()
2019-11-25 10:11:22.894 INFO [restartedMain]o.s.w.s.m.method.annotation.RequestMappingHandlerMapping.register:547 -Mapped "{[/api/v1/gopage]}" onto public java.lang.Object net.xdclass.demo.controller.FileController.index()
2019-11-25 10:11:22.895 INFO [restartedMain]o.s.w.s.m.method.annotation.RequestMappingHandlerMapping.register:547 -Mapped "{[/upload]}" onto public net.xdclass.demo.domain.JsonData net.xdclass.demo.controller.FileController.upload(org.springframework.web.multipart.MultipartFile,javax.servlet.http.HttpServletRequest)
2019-11-25 10:11:22.897 INFO [restartedMain]o.s.w.s.m.method.annotation.RequestMappingHandlerMapping.register:547 -Mapped "{[/freemaker/hello],methods=[GET]}" onto public java.lang.String net.xdclass.demo.controller.FreemakerController.index(org.springframework.ui.ModelMap)
2019-11-25 10:11:22.899 INFO [restartedMain]o.s.w.s.m.method.annotation.RequestMappingHandlerMapping.register:547 -Mapped "{[/v1/get_header],methods=[GET]}" onto public java.lang.Object net.xdclass.demo.controller.GetController.getHeader(java.lang.String,java.lang.String)
2019-11-25 10:11:22.899 INFO [restartedMain]o.s.w.s.m.method.annotation.RequestMappingHandlerMapping.register:547 -Mapped "{[/v1/page_user1],methods=[GET]}" onto public java.lang.Object net.xdclass.demo.controller.GetController.pageUser(int,int)
2019-11-25 10:11:22.899 INFO [restartedMain]o.s.w.s.m.method.annotation.RequestMappingHandlerMapping.register:547 -Mapped "{[/v1/page_user2],methods=[GET]}" onto public java.lang.Object net.xdclass.demo.controller.GetController.pageUserV2(int,int)
2019-11-25 10:11:22.900 INFO [restartedMain]o.s.w.s.m.method.annotation.RequestMappingHandlerMapping.register:547 -Mapped "{[/v1/save_user]}" onto public java.lang.Object net.xdclass.demo.controller.GetController.saveUser(net.xdclass.demo.domain.User)
2019-11-25 10:11:22.900 INFO [restartedMain]o.s.w.s.m.method.annotation.RequestMappingHandlerMapping.register:547 -Mapped "{[/v1/test_request],methods=[GET]}" onto public java.lang.Object net.xdclass.demo.controller.GetController.testRequest(javax.servlet.http.HttpServletRequest)
2019-11-25 10:11:22.900 INFO [restartedMain]o.s.w.s.m.method.annotation.RequestMappingHandlerMapping.register:547 -Mapped "{[/api/v1/test_properties],methods=[GET]}" onto public java.lang.Object net.xdclass.demo.controller.GetController.testPeroperties()
2019-11-25 10:11:22.900 INFO [restartedMain]o.s.w.s.m.method.annotation.RequestMappingHandlerMapping.register:547 -Mapped "{[/api/v1/account],methods=[GET]}" onto public java.lang.Object net.xdclass.demo.controller.GetController.account()
2019-11-25 10:11:22.901 INFO [restartedMain]o.s.w.s.m.method.annotation.RequestMappingHandlerMapping.register:547 -Mapped "{[/api2/v1/account],methods=[GET]}" onto public java.lang.Object net.xdclass.demo.controller.GetController.account2()
2019-11-25 10:11:22.903 INFO [restartedMain]o.s.w.s.m.method.annotation.RequestMappingHandlerMapping.register:547 -Mapped "{[/v1/put],methods=[PUT]}" onto public java.lang.Object net.xdclass.demo.controller.OtherHttpController.put(java.lang.String)
2019-11-25 10:11:22.903 INFO [restartedMain]o.s.w.s.m.method.annotation.RequestMappingHandlerMapping.register:547 -Mapped "{[/v1/login],methods=[POST]}" onto public java.lang.Object net.xdclass.demo.controller.OtherHttpController.login(java.lang.String,java.lang.String)
2019-11-25 10:11:22.904 INFO [restartedMain]o.s.w.s.m.method.annotation.RequestMappingHandlerMapping.register:547 -Mapped "{[/v1/del],methods=[DELETE]}" onto public java.lang.Object net.xdclass.demo.controller.OtherHttpController.del(java.lang.String)
2019-11-25 10:11:22.904 INFO [restartedMain]o.s.w.s.m.method.annotation.RequestMappingHandlerMapping.register:547 -Mapped "{[/]}" onto java.lang.String net.xdclass.demo.controller.SampleController.home()
2019-11-25 10:11:22.905 INFO [restartedMain]o.s.w.s.m.method.annotation.RequestMappingHandlerMapping.register:547 -Mapped "{[/test]}" onto public java.util.Map<java.lang.String, java.lang.String> net.xdclass.demo.controller.SampleController.testMap()
2019-11-25 10:11:22.905 INFO [restartedMain]o.s.w.s.m.method.annotation.RequestMappingHandlerMapping.register:547 -Mapped "{[/test/home]}" onto public java.lang.String net.xdclass.demo.controller.SampleController.home2()
2019-11-25 10:11:22.905 INFO [restartedMain]o.s.w.s.m.method.annotation.RequestMappingHandlerMapping.register:547 -Mapped "{[/testjson],methods=[GET]}" onto public java.lang.Object net.xdclass.demo.controller.SampleController.testjson()
2019-11-25 10:11:22.906 INFO [restartedMain]o.s.w.s.m.method.annotation.RequestMappingHandlerMapping.register:547 -Mapped "{[/tyhmeleaf/hello],methods=[GET]}" onto public java.lang.String net.xdclass.demo.controller.ThymeleafController.index()
2019-11-25 10:11:22.906 INFO [restartedMain]o.s.w.s.m.method.annotation.RequestMappingHandlerMapping.register:547 -Mapped "{[/tyhmeleaf/info],methods=[GET]}" onto public java.lang.String net.xdclass.demo.controller.ThymeleafController.admin(org.springframework.ui.ModelMap)
2019-11-25 10:11:22.907 INFO [restartedMain]o.s.w.s.m.method.annotation.RequestMappingHandlerMapping.register:547 -Mapped "{[/log/v1/async_task],methods=[GET]}" onto public net.xdclass.demo.domain.JsonData net.xdclass.demo.controller.UserController.exeTask() throws java.lang.InterruptedException
2019-11-25 10:11:22.907 INFO [restartedMain]o.s.w.s.m.method.annotation.RequestMappingHandlerMapping.register:547 -Mapped "{[/log/v1/log],methods=[GET]}" onto public java.lang.Object net.xdclass.demo.controller.UserController.testLog()
2019-11-25 10:11:22.909 INFO [restartedMain]o.s.w.s.m.method.annotation.RequestMappingHandlerMapping.register:547 -Mapped "{[/error]}" onto public org.springframework.http.ResponseEntity<java.util.Map<java.lang.String, java.lang.Object>> org.springframework.boot.autoconfigure.web.servlet.error.BasicErrorController.error(javax.servlet.http.HttpServletRequest)
2019-11-25 10:11:22.910 INFO [restartedMain]o.s.w.s.m.method.annotation.RequestMappingHandlerMapping.register:547 -Mapped "{[/error],produces=[text/html]}" onto public org.springframework.web.servlet.ModelAndView org.springframework.boot.autoconfigure.web.servlet.error.BasicErrorController.errorHtml(javax.servlet.http.HttpServletRequest,javax.servlet.http.HttpServletResponse)
2019-11-25 10:11:22.942 INFO [restartedMain]o.s.web.servlet.handler.SimpleUrlHandlerMapping.registerHandler:373 -Mapped URL path [/webjars/**] onto handler of type [class org.springframework.web.servlet.resource.ResourceHttpRequestHandler]
2019-11-25 10:11:22.942 INFO [restartedMain]o.s.web.servlet.handler.SimpleUrlHandlerMapping.registerHandler:373 -Mapped URL path [/**] onto handler of type [class org.springframework.web.servlet.resource.ResourceHttpRequestHandler]
2019-11-25 10:11:22.954 INFO [restartedMain]o.s.w.s.m.m.annotation.ExceptionHandlerExceptionResolver.initExceptionHandlerAdviceCache:288 -Detected @ExceptionHandler methods in customExtHandler
2019-11-25 10:11:23.022 WARN [restartedMain]org.thymeleaf.templatemode.TemplateMode.parse:150 -[THYMELEAF][restartedMain] Template Mode 'HTML5' is deprecated. Using Template Mode 'HTML' instead.
2019-11-25 10:11:23.068 INFO [restartedMain]o.s.b.a.web.servlet.WelcomePageHandlerMapping.<init>:56 -Adding welcome page: class path resource [static/index.html]
2019-11-25 10:11:23.153 INFO [restartedMain]o.s.web.servlet.view.freemarker.FreeMarkerConfigurer.postProcessTemplateLoaders:131 -ClassTemplateLoader for Spring macros added to FreeMarker configuration
2019-11-25 10:11:23.268 INFO [restartedMain]o.s.boot.devtools.autoconfigure.OptionalLiveReloadServer.startServer:57 -LiveReload server is running on port 35729
2019-11-25 10:11:23.291 INFO [restartedMain]o.s.jmx.export.annotation.AnnotationMBeanExporter.afterSingletonsInstantiated:433 -Registering beans for JMX exposure on startup
2019-11-25 10:11:23.303 INFO [restartedMain]o.s.s.annotation.ScheduledAnnotationBeanPostProcessor.finishRegistration:275 -No TaskScheduler/ScheduledExecutorService bean found for scheduled processing
2019-11-25 10:11:23.309 INFO [restartedMain]org.apache.coyote.http11.Http11NioProtocol.log:180 -Starting ProtocolHandler ["http-nio-8080"]
2019-11-25 10:11:23.316 INFO [restartedMain]org.apache.tomcat.util.net.NioSelectorPool.log:180 -Using a shared selector for servlet write/read
2019-11-25 10:11:23.328 INFO [restartedMain]o.s.boot.web.embedded.tomcat.TomcatWebServer.start:206 -Tomcat started on port(s): 8080 (http) with context path ''
2019-11-25 10:11:23.331 INFO [restartedMain]net.xdclass.demo.ApplicationRun.logStarted:59 -Started ApplicationRun in 3.285 seconds (JVM running for 4.423)
2019-11-25 10:13:04.301 INFO [http-nio-8080-exec-1]o.a.catalina.core.ContainerBase.[Tomcat].[localhost].[/].log:180 -Initializing Spring FrameworkServlet 'dispatcherServlet'
2019-11-25 10:13:04.301 INFO [http-nio-8080-exec-1]org.springframework.web.servlet.DispatcherServlet.initServletBean:494 -FrameworkServlet 'dispatcherServlet': initialization started
2019-11-25 10:13:04.317 INFO [http-nio-8080-exec-1]org.springframework.web.servlet.DispatcherServlet.initServletBean:509 -FrameworkServlet 'dispatcherServlet': initialization completed in 16 ms
2019-11-25 10:13:04.337 INFO [http-nio-8080-exec-1]o.s.s.annotation.AnnotationAsyncExecutionInterceptor.getDefaultExecutor:248 -No task executor bean found for async processing: no bean of type TaskExecutor and no bean named 'taskExecutor' either
